 FRESCO - FRES 2.9: Coupled Reaction Channels
 Assuming NAMELIST input.

 n14(f17,ne18)c13 @ 170 MeV;                                                     

   0.030  40.000   0.200   0.100   5.000   0.000   0.000   0.000   0.000   0.000

 Centre-of-mass Range is   1334 * 0.0300 fm., Maximum at  39.96 fm., Interpolating NL forms every  0.21 fm.
 Non - locality width is     57 * 0.0900 fm., Maximum of   5.04 fm., Centred at  0.00 fm.
 2-Nucleon Separation of      0 * 0.2100 fm., Maximum of   0.00 fm., Minimum at  0.00 fm.
 Maximum single particle bins of 39.9000 fm.
               M,Mint =  1333 1331


 Range of total J is     0.0 <= J <=   120.0 (at least     0.0) and Absorbtion =>    -1.0000 mb.
 Dry Run = F, CC set limits =  0  0, Relativistic kinematics =  , Both/Far/Near Analyses =  1

 Cross Sections (and up to T0 for 0=projectile) for Theta from   0.0 to  40.0 in steps of  0.1 degrees.  Coordinates = 0 (Mads)

 Lower Radial Cutoff = maximum of -1.60*L*h &       0.0 fm.,  Lower Cutoff for Couplings =   0.0  fm.


 Iterate Couplings between   0 and   1 times, to  0.000 % if sooner.                                          
  Block solved exactly =   0 chs., with Pade = 0 & Isocen =  =0, NOSOL = F, initwf =  0
  NL quadrature with   36 Gaussian points, Calculate multipoles up to   126 from   0
  M-transfers for lp+lt greater than or equal to  6, Angular Integration Cutoff below  0.6944 %


 Trace switches are :  CHANS =  1, LISTCC =  0, TRENEG =  0, CDETR =  0, SMATS =  0, XSTABL =  1, NLPL =  0

                       WAVES =  0, LAMPL =  0, VEFF =  0, KFUS =  0, WDISK =  0, BPM =  0, MELFIL =  0

                       CDCC =  0, NFUS =  0

 Using unit mass = 1.000000 amu and 1/fine-structure constant = 137.03599 ( 1.000000 * true ) with hc = 197.32705 MeV.fm,
  thus 2*amu/hbar^2 = 0.0478450 = 1/20.9008 and Coulomb constant = 0.1574855 so e^2 = 1.43997, and nuclear magneton= 0.1261183

 Now pre-scan input and save to file 3



 *********** PARTITION NUMBER  1 ******************************************************************************************

   PROJ=f17        MASS= 17.0000 Z=   9.0,        # STATES=    1T, TARG=n14      MASS= 14.0000 Z=   7.0,     Q-VALUE =   0.0000 MEV.

     1:  J= 2.5+ (B# 1), E=  0.0000, K= 0.5              Potl#  1       J= 1.0+ (B# 1), E=  0.0000, K= 0.0    


 *********** PARTITION NUMBER  2 ******************************************************************************************

   PROJ=ne18       MASS= 18.0000 Z=  10.0,        # STATES=    1T, TARG=c13      MASS= 13.0000 Z=   6.0,     Q-VALUE =   3.6286 MEV.

     1:  J= 0.0+ (B# 1), E=  0.0000, K= 0.0              Potl#  2       J= 0.5+ (B# 1), E=  0.0000, K= 0.5    
0****** WARNING : COMPARED WITH PARTITION  1, THIS PARTITION HAS TOTAL MASS & CHARGE EXCESSES   0.00390 &   0.0000


 ************************************************************************************************************************************

 The following POTENTIALS are defined :

  KP#       TYPE      IT    SHAPE      at     V1        r1        a1        V2        r2        a2        A-in     A-used


                                            A#1       A#2        r0c       ac                                                h @ 1
    1    0=Coulomb       0=CHARGE (WS)  1    14.000    17.000    1.3000    0.0000    0.0000    0.0000     0.000   123.612   0.03000

    1    1=Volume        0=Woods-Saxon  2   37.2000    1.2000    0.6000   21.6000    1.2000    0.6900     0.000   123.612
   --------------------------------------------------------------------------------------------------------------------

                                            A#1       A#2        r0c       ac                                                h @ 2
    2    0=Coulomb       0=CHARGE (WS)  3    13.000    18.000    1.3000    0.0000    0.0000    0.0000     0.000   122.917   0.03000

    2    1=Volume        0=Woods-Saxon  4   37.2000    1.2000    0.6000   21.6000    1.2000    0.6900     0.000   122.917
   --------------------------------------------------------------------------------------------------------------------

                                            A#1       A#2        r0c       ac                                                h @ 0
    3    0=Coulomb       0=CHARGE (WS)  5    17.000     0.000    1.2000    0.0000    0.0000    0.0000     0.000    17.000   0.03000

    3    1=Volume        0=Woods-Saxon  6   50.0000    1.2000    0.6500    0.0000    0.0000    0.0000     0.000    17.000

    3    3=Projtl S.O.   0=Woods-Saxon  7    6.0000    1.2000    0.6500    0.0000    0.0000    0.0000     0.000    17.000
   --------------------------------------------------------------------------------------------------------------------

                                            A#1       A#2        r0c       ac                                                h @ 0
    4    0=Coulomb       0=CHARGE (WS)  8    13.000     0.000    1.2000    0.0000    0.0000    0.0000     0.000    13.000   0.03000

    4    1=Volume        0=Woods-Saxon  9   50.0000    1.2000    0.6500    0.0000    0.0000    0.0000     0.000    13.000

    4    3=Projtl S.O.   0=Woods-Saxon 10    6.0000    1.2000    0.6500    0.0000    0.0000    0.0000     0.000    13.000
   --------------------------------------------------------------------------------------------------------------------

                                            A#1       A#2        r0c       ac                                                h @ 0
    5    0=Coulomb       0=CHARGE (WS) 11    14.000    17.000    1.3000    0.0000    0.0000    0.0000     0.000   123.612   0.03000

    5    1=Volume        0=Woods-Saxon 12   37.2000    1.2000    0.6000   21.6000    1.2000    0.6900     0.000   123.612


 ************************************************************************************************************************************

 The following SINGLE-PARTICLE FORM FACTORS are constructed :


 No.   P1 P2 IN KIND T N  L  S1 IA J/S  IB BIND XFER  BE    SC PC FIL AFRAC Adjust  to  Z  Mass   K     Norm    rms      D0     D   ANC/Gsp
0   1:  1  2  1  0     1  2 0.5  1 2.5   0   3   0   3.9220  1  0  0 0.0000 VR  1.2622; 1. 1.000 0.4210 1.0000  3.321  -27.2  102.5  2.5472
0   2:  2  1  2  3     1  0 0.5  1 0.5   1   4   0   7.5506  1  0  0 0.0000 VR  0.5889; 1. 1.000 0.5792 1.0000  2.584 -177.9 -128.5  5.7521

 ************************************************************************************************************************************

 ONE-way COUPLING # 1 for partitions -2 <-  1 of KIND  7,   0 -1  5 -1 -1 & P1,P2 =    0.0000   0.0000 : for J <=   120.5 & R <  39.9 fm.


 data =  1  1  1  1  1.0000,  so  < [ne18     # 1] / [f17      # 1]  * Eigen-form #  1>  =   1.0000            BE =  3.922     1

 data =  2  1  1  2  1.0000,  so  < [n14      # 1] / [c13      # 1]  * Eigen-form #  2>  =   1.0000            BE =  7.551     2
 KNT =   2, KNP =   1: NK,NG,loc=   1   1   1  13  T  T  F

     So FINITE-RANGE TRANSFER : IP1 = 0 (POST ), IP2=-1 =COMPLEX     ,  for   1 pairs of bound states summed into   1 pairs
      The main coupling potential is that binding the transferred particle to the c13      core.

          Using between f17      & c13      the potential No.   5, and subtracting optical potential No.  2

   A real*8 is  8  bytes
   NLL,NLN,NLO = 191 191 57
0File   9 needs RL =   21774    REAL*8 numbers, and NR =   128. i.e.  22.30 Megabytes
   File  9  RECL = 173280
0RECOMMENDED NON-LOCAL WIDTH IS GREATER THAN    0.99 FM.,  RECOMMENDED CENTRATION   0.04, after    0.32 secs.
0Relative non-local usages (rms) are
    0.000   0.000   0.000   0.000   0.000   0.000   0.000   0.000   0.000   0.000   0.000   0.000   0.000   0.000   0.000
    0.000   0.000   0.000   0.001   0.003   0.009   0.020   0.057   0.354   3.452  14.973  51.536  90.792 100.000  76.670
   40.483  14.102   3.168   0.505   0.072   0.011   0.002   0.001   0.000   0.000   0.000   0.000   0.000   0.000   0.000
    0.000   0.000   0.000   0.000   0.000   0.000   0.000   0.000   0.000   0.000   0.000   0.000
0Binding Energies: (ne18     # 1 / f17      # 1)(BE =  3.922)-(n14      # 1 / c13      # 1)(BE =  7.551)- DISCREPANCY =  7.2572
0Incoming partition  1 in excitation state # 1,   Laboratory Energy given for partition  1 Nucleus 1 in Excitation pair 1

0Lab. ENERGY ranges :

   from    170.000     to   0.00000     in     0 intervals
   from    0.00000     to   0.00000     in     0 intervals
   from    0.00000     to   0.00000     in     0 intervals

 Largest real,imaginary parts of any form factor at R=   39.66 are   3.63E-02  1.36E-20 MeV
 Finished all Couplings @  0.3432022 12

 Non-symmetric Hamiltonian
1***********************************************************************************************************************************
************************************************************************************************************************************

        INCOMING f17      ;    LABORATORY f17      ENERGY =   170.00     MeV.

 ***********************************************************************************************************************************
 ***********************************************************************************************************************************


  NOTE: Coulomb excitation cut off below   2.984 deg by JTMAX, and below   1.694 deg by Rmax

 Allocate arrays for  6  channels, of which  3  need wfs.

 Total SPIN, PARITY =     0.5 +,    4 chs,    0 cc.  Rmin & Coul turning =    0.0    1.2


    C Projectl Target   #   EX.   (L  Proj) J  + Targ = Jtotal     E-cm      Re K     Re Eta     RM*K            CH
    1 f17      n14      #    1: I   2 2.5    0.5  1.0     0.5    76.77419   5.31048   3.13748  212.2068   0.46689   0.18925 1 1 1   1
    2 f17      n14      #    1: I   2 2.5    1.5  1.0     0.5    76.77419   5.31048   3.13748  212.2068   0.46689   0.18925 1 1 1   1
    3 f17      n14      #    1: I   4 2.5    1.5  1.0     0.5    76.77419   5.31048   3.13748  212.2068   0.15871  -0.47817 1 1 1   1
    4 ne18     c13      #    1:     0 0.0    0.0  0.5     0.5    80.40279   5.38866   2.89523  215.3310   0.36422  -0.34753 2 1 2   1
 Allocate arrays for  7  channels, of which  6  need wfs.
 Allocate arrays for  9  channels, of which  8  need wfs.
 Allocate arrays for  10  channels, of which  9  need wfs.
 Reaction Xsec   117.5+/14 @ 1 =   0.016#, Out:   0.000#   0.000#   0.000f
 Reaction Xsec   117.5+/16 @ 2 =   0.009#, Out:   0.000#   0.000#   0.000f
 Reaction Xsec   117.5+/16 @ 3 =   0.009#, Out:   0.000#   0.000#   0.000f
 Reaction Xsec   117.5+/16 @ 4 =   0.009#, Out:   0.000#   0.000#   0.000f
 Reaction Xsec   117.5+/18 @ 5 =   0.005#, Out:   0.000#   0.000#   0.000f
 Reaction Xsec   117.5+/18 @ 6 =   0.005#, Out:   0.000#   0.000#   0.000f
 Reaction Xsec   117.5+/18 @ 7 =   0.005#, Out:   0.000#   0.000#   0.000f
 Reaction Xsec   117.5+/20 @ 8 =   0.003#, Out:   0.000#   0.001#   0.000f
 Reaction Xsec   117.5+/20 @ 9 =   0.003#, Out:   0.000#   0.000#   0.000f
 Reaction Xsec   117.5-/15 @ 1 =   0.012#, Out:   0.000#   0.000#   0.000f
 Reaction Xsec   117.5-/15 @ 2 =   0.012#, Out:   0.000#   0.000#   0.000f
 Reaction Xsec   117.5-/17 @ 3 =   0.007#, Out:   0.000#   0.000#   0.000f
 Reaction Xsec   117.5-/17 @ 4 =   0.007#, Out:   0.000#   0.000#   0.000f
 Reaction Xsec   117.5-/17 @ 5 =   0.007#, Out:   0.000#   0.000#   0.000f
 Reaction Xsec   117.5-/19 @ 6 =   0.004#, Out:   0.000#   0.002#   0.000f
 Reaction Xsec   117.5-/19 @ 7 =   0.004#, Out:   0.000#   0.000#   0.000f
 Reaction Xsec   117.5-/19 @ 8 =   0.004#, Out:   0.000#   0.000#   0.000f
 Reaction Xsec   117.5-/21 @ 9 =   0.002#, Out:   0.000#   0.000#   0.000f
 Reaction Xsec   118.5+/16 @ 1 =   0.009#, Out:   0.000#   0.000#   0.000f
 Reaction Xsec   118.5+/16 @ 2 =   0.009#, Out:   0.000#   0.000#   0.000f
 Reaction Xsec   118.5+/18 @ 3 =   0.005#, Out:   0.000#   0.000#   0.000f
 Reaction Xsec   118.5+/18 @ 4 =   0.005#, Out:   0.000#   0.000#   0.000f
 Reaction Xsec   118.5+/18 @ 5 =   0.005#, Out:   0.000#   0.000#   0.000f
 Reaction Xsec   118.5+/20 @ 6 =   0.003#, Out:   0.000#   0.002#   0.000f
 Reaction Xsec   118.5+/20 @ 7 =   0.003#, Out:   0.000#   0.000#   0.000f
 Reaction Xsec   118.5+/20 @ 8 =   0.003#, Out:   0.000#   0.000#   0.000f
 Reaction Xsec   118.5+/22 @ 9 =   0.002#, Out:   0.000#   0.000#   0.000f
 Reaction Xsec   118.5-/15 @ 1 =   0.012#, Out:   0.000#   0.000#   0.000f
 Reaction Xsec   118.5-/17 @ 2 =   0.007#, Out:   0.000#   0.000#   0.000f
 Reaction Xsec   118.5-/17 @ 3 =   0.007#, Out:   0.000#   0.000#   0.000f
 Reaction Xsec   118.5-/17 @ 4 =   0.007#, Out:   0.000#   0.000#   0.000f
 Reaction Xsec   118.5-/19 @ 5 =   0.004#, Out:   0.000#   0.000#   0.000f
 Reaction Xsec   118.5-/19 @ 6 =   0.004#, Out:   0.000#   0.000#   0.000f
 Reaction Xsec   118.5-/19 @ 7 =   0.004#, Out:   0.000#   0.000#   0.000f
 Reaction Xsec   118.5-/21 @ 8 =   0.002#, Out:   0.000#   0.001#   0.000f
 Reaction Xsec   118.5-/21 @ 9 =   0.002#, Out:   0.000#   0.000#   0.000f
 Reaction Xsec   119.5+/16 @ 1 =   0.009#, Out:   0.000#   0.000#   0.000f
 Reaction Xsec   119.5+/18 @ 2 =   0.005#, Out:   0.000#   0.000#   0.000f
 Reaction Xsec   119.5+/18 @ 3 =   0.005#, Out:   0.000#   0.000#   0.000f
 Reaction Xsec   119.5+/18 @ 4 =   0.005#, Out:   0.000#   0.000#   0.000f
 Reaction Xsec   119.5+/20 @ 5 =   0.003#, Out:   0.000#   0.000#   0.000f
 Reaction Xsec   119.5+/20 @ 6 =   0.003#, Out:   0.000#   0.000#   0.000f
 Reaction Xsec   119.5+/20 @ 7 =   0.003#, Out:   0.000#   0.000#   0.000f
 Reaction Xsec   119.5+/22 @ 8 =   0.002#, Out:   0.000#   0.001#   0.000f
 Reaction Xsec   119.5+/22 @ 9 =   0.002#, Out:   0.000#   0.000#   0.000f
 Reaction Xsec   119.5-/17 @ 1 =   0.007#, Out:   0.000#   0.000#   0.000f
 Reaction Xsec   119.5-/17 @ 2 =   0.007#, Out:   0.000#   0.000#   0.000f
 Reaction Xsec   119.5-/19 @ 3 =   0.004#, Out:   0.000#   0.000#   0.000f
 Reaction Xsec   119.5-/19 @ 4 =   0.004#, Out:   0.000#   0.000#   0.000f
 Reaction Xsec   119.5-/19 @ 5 =   0.004#, Out:   0.000#   0.000#   0.000f
 Reaction Xsec   119.5-/21 @ 6 =   0.002#, Out:   0.000#   0.001#   0.000f
 Reaction Xsec   119.5-/21 @ 7 =   0.002#, Out:   0.000#   0.000#   0.000f
 Reaction Xsec   119.5-/21 @ 8 =   0.002#, Out:   0.000#   0.000#   0.000f
 Reaction Xsec   119.5-/23 @ 9 =   0.001#, Out:   0.000#   0.000#   0.000f
 Reaction Xsec   120.5+/18 @ 1 =   0.005#, Out:   0.000#   0.000#   0.000f
 Reaction Xsec   120.5+/18 @ 2 =   0.005#, Out:   0.000#   0.000#   0.000f
 Reaction Xsec   120.5+/20 @ 3 =   0.003#, Out:   0.000#   0.000#   0.000f
 Reaction Xsec   120.5+/20 @ 4 =   0.003#, Out:   0.000#   0.000#   0.000f
 Reaction Xsec   120.5+/20 @ 5 =   0.003#, Out:   0.000#   0.000#   0.000f
 Reaction Xsec   120.5+/22 @ 6 =   0.002#, Out:   0.000#   0.001#   0.000f
 Reaction Xsec   120.5+/22 @ 7 =   0.002#, Out:   0.000#   0.000#   0.000f
 Reaction Xsec   120.5+/22 @ 8 =   0.002#, Out:   0.000#   0.000#   0.000f
 Reaction Xsec   120.5+/24 @ 9 =   0.001#, Out:   0.000#   0.000#   0.000f
 Reaction Xsec   120.5-/17 @ 1 =   0.007#, Out:   0.000#   0.000#   0.000f
 Reaction Xsec   120.5-/19 @ 2 =   0.004#, Out:   0.000#   0.000#   0.000f
 Reaction Xsec   120.5-/19 @ 3 =   0.004#, Out:   0.000#   0.000#   0.000f
 Reaction Xsec   120.5-/19 @ 4 =   0.004#, Out:   0.000#   0.000#   0.000f
 Reaction Xsec   120.5-/21 @ 5 =   0.002#, Out:   0.000#   0.000#   0.000f
 Reaction Xsec   120.5-/21 @ 6 =   0.002#, Out:   0.000#   0.000#   0.000f
 Reaction Xsec   120.5-/21 @ 7 =   0.002#, Out:   0.000#   0.000#   0.000f
 Reaction Xsec   120.5-/23 @ 8 =   0.001#, Out:   0.000#   0.000#   0.000f
 Reaction Xsec   120.5-/23 @ 9 =   0.001#, Out:   0.000#   0.000#   0.000f
 Finished all CC sets @  10.062064
0CUMULATIVE REACTION cross section                 = 1760.34698  <L> =    26.73  <L**2> =    820.4
0CUMULATIVE outgoing cross sections in partition 1 :    0.00000
0CUMULATIVE outgoing cross sections in partition 2 :    0.26397
0Cumulative ABSORBTION by Imaginary Potentials     = 1760.08301  <L> =    26.73  <L**2> =    820.2
   Fusion for specific f17      M-states : 1760.647924 1760.905966 1760.923133 1760.923133
  1760.905966 1760.647924
0CUMULATIVE OUTGOING cross section                 =    0.26397
 To convert to S-factors (MeV.mb = keV.b),  multiply by  2.7966E+10


 CROSS SECTIONS FOR OUTGOING f17      & n14      in state #   1 with spins & parities 2.5  + & 1.0  +;  0

     0.01 deg.: X-S =   1.5047E+16 mb/sr,
+                                         /R =   1.0000E+00
     0.10 deg.: X-S =   1.5047E+12 mb/sr,
+                                         /R =   1.0000E+00
     0.20 deg.: X-S =   9.3958E+10 mb/sr,
+                                         /R =   9.9910E-01
     0.30 deg.: X-S =   1.8600E+10 mb/sr,
+                                         /R =   1.0013E+00
     0.40 deg.: X-S =   5.8922E+09 mb/sr,
+                                         /R =   1.0025E+00
     0.50 deg.: X-S =   2.3985E+09 mb/sr,
+                                         /R =   9.9626E-01
     0.60 deg.: X-S =   1.1517E+09 mb/sr,
+                                         /R =   9.9193E-01
     0.70 deg.: X-S =   6.2433E+08 mb/sr,
+                                         /R =   9.9621E-01
     0.80 deg.: X-S =   3.6988E+08 mb/sr,
+                                         /R =   1.0068E+00
     0.90 deg.: X-S =   2.3325E+08 mb/sr,
+                                         /R =   1.0170E+00
     1.00 deg.: X-S =   1.5363E+08 mb/sr,
+                                         /R =   1.0210E+00
     1.10 deg.: X-S =   1.0446E+08 mb/sr,
+                                         /R =   1.0164E+00
     1.20 deg.: X-S =   7.2885E+07 mb/sr,
+                                         /R =   1.0044E+00
     1.30 deg.: X-S =   5.2069E+07 mb/sr,
+                                         /R =   9.8826E-01
     1.40 deg.: X-S =   3.8079E+07 mb/sr,
+                                         /R =   9.7210E-01
     1.50 deg.: X-S =   2.8521E+07 mb/sr,
+                                         /R =   9.5946E-01
     1.60 deg.: X-S =   2.1878E+07 mb/sr,
+                                         /R =   9.5275E-01
     1.70 deg.: X-S =   1.7172E+07 mb/sr,
+                                         /R =   9.5304E-01
     1.80 deg.: X-S =   1.3765E+07 mb/sr,
+                                         /R =   9.6015E-01
     1.90 deg.: X-S =   1.1236E+07 mb/sr,
+                                         /R =   9.7295E-01
     2.00 deg.: X-S =   9.3094E+06 mb/sr,
+                                         /R =   9.8971E-01
     2.10 deg.: X-S =   7.8042E+06 mb/sr,
+                                         /R =   1.0085E+00
     2.20 deg.: X-S =   6.6003E+06 mb/sr,
+                                         /R =   1.0273E+00
     2.30 deg.: X-S =   5.6183E+06 mb/sr,
+                                         /R =   1.0446E+00
     2.40 deg.: X-S =   4.8047E+06 mb/sr,
+                                         /R =   1.0591E+00
     2.50 deg.: X-S =   4.1230E+06 mb/sr,
+                                         /R =   1.0700E+00
     2.60 deg.: X-S =   3.5475E+06 mb/sr,
+                                         /R =   1.0770E+00
     2.70 deg.: X-S =   3.0595E+06 mb/sr,
+                                         /R =   1.0802E+00
     2.80 deg.: X-S =   2.6447E+06 mb/sr,
+                                         /R =   1.0799E+00
     2.90 deg.: X-S =   2.2919E+06 mb/sr,
+                                         /R =   1.0769E+00
     3.00 deg.: X-S =   1.9920E+06 mb/sr,
+                                         /R =   1.0718E+00
     3.10 deg.: X-S =   1.7370E+06 mb/sr,
+                                         /R =   1.0656E+00
     3.20 deg.: X-S =   1.5205E+06 mb/sr,
+                                         /R =   1.0591E+00
     3.30 deg.: X-S =   1.3366E+06 mb/sr,
+                                         /R =   1.0529E+00
     3.40 deg.: X-S =   1.1804E+06 mb/sr,
+                                         /R =   1.0477E+00
     3.50 deg.: X-S =   1.0474E+06 mb/sr,
+                                         /R =   1.0439E+00
     3.60 deg.: X-S =   9.3386E+05 mb/sr,
+                                         /R =   1.0417E+00
     3.70 deg.: X-S =   8.3660E+05 mb/sr,
+                                         /R =   1.0413E+00
     3.80 deg.: X-S =   7.5283E+05 mb/sr,
+                                         /R =   1.0425E+00
     3.90 deg.: X-S =   6.8021E+05 mb/sr,
+                                         /R =   1.0450E+00
     4.00 deg.: X-S =   6.1679E+05 mb/sr,
+                                         /R =   1.0485E+00
     4.10 deg.: X-S =   5.6095E+05 mb/sr,
+                                         /R =   1.0526E+00
     4.20 deg.: X-S =   5.1138E+05 mb/sr,
+                                         /R =   1.0566E+00
     4.30 deg.: X-S =   4.6700E+05 mb/sr,
+                                         /R =   1.0601E+00
     4.40 deg.: X-S =   4.2694E+05 mb/sr,
+                                         /R =   1.0624E+00
     4.50 deg.: X-S =   3.9052E+05 mb/sr,
+                                         /R =   1.0632E+00
     4.60 deg.: X-S =   3.5721E+05 mb/sr,
+                                         /R =   1.0618E+00
     4.70 deg.: X-S =   3.2659E+05 mb/sr,
+                                         /R =   1.0579E+00
     4.80 deg.: X-S =   2.9834E+05 mb/sr,
+                                         /R =   1.0513E+00
     4.90 deg.: X-S =   2.7221E+05 mb/sr,
+                                         /R =   1.0416E+00
     5.00 deg.: X-S =   2.4800E+05 mb/sr,
+                                         /R =   1.0288E+00
     5.10 deg.: X-S =   2.2558E+05 mb/sr,
+                                         /R =   1.0129E+00
     5.20 deg.: X-S =   2.0482E+05 mb/sr,
+                                         /R =   9.9392E-01
     5.30 deg.: X-S =   1.8564E+05 mb/sr,
+                                         /R =   9.7210E-01
     5.40 deg.: X-S =   1.6795E+05 mb/sr,
+                                         /R =   9.4770E-01
     5.50 deg.: X-S =   1.5169E+05 mb/sr,
+                                         /R =   9.2106E-01
     5.60 deg.: X-S =   1.3678E+05 mb/sr,
+                                         /R =   8.9257E-01
     5.70 deg.: X-S =   1.2317E+05 mb/sr,
+                                         /R =   8.6267E-01
     5.80 deg.: X-S =   1.1079E+05 mb/sr,
+                                         /R =   8.3184E-01
     5.90 deg.: X-S =   9.9585E+04 mb/sr,
+                                         /R =   8.0055E-01
     6.00 deg.: X-S =   8.9479E+04 mb/sr,
+                                         /R =   7.6929E-01
     6.10 deg.: X-S =   8.0410E+04 mb/sr,
+                                         /R =   7.3852E-01
     6.20 deg.: X-S =   7.2308E+04 mb/sr,
+                                         /R =   7.0870E-01
     6.30 deg.: X-S =   6.5102E+04 mb/sr,
+                                         /R =   6.8020E-01
     6.40 deg.: X-S =   5.8723E+04 mb/sr,
+                                         /R =   6.5340E-01
     6.50 deg.: X-S =   5.3100E+04 mb/sr,
+                                         /R =   6.2859E-01
     6.60 deg.: X-S =   4.8163E+04 mb/sr,
+                                         /R =   6.0602E-01
     6.70 deg.: X-S =   4.3846E+04 mb/sr,
+                                         /R =   5.8586E-01
     6.80 deg.: X-S =   4.0081E+04 mb/sr,
+                                         /R =   5.6822E-01
     6.90 deg.: X-S =   3.6808E+04 mb/sr,
+                                         /R =   5.5315E-01
     7.00 deg.: X-S =   3.3965E+04 mb/sr,
+                                         /R =   5.4063E-01
     7.10 deg.: X-S =   3.1499E+04 mb/sr,
+                                         /R =   5.3060E-01
     7.20 deg.: X-S =   2.9356E+04 mb/sr,
+                                         /R =   5.2292E-01
     7.30 deg.: X-S =   2.7489E+04 mb/sr,
+                                         /R =   5.1740E-01
     7.40 deg.: X-S =   2.5855E+04 mb/sr,
+                                         /R =   5.1382E-01
     7.50 deg.: X-S =   2.4415E+04 mb/sr,
+                                         /R =   5.1193E-01
     7.60 deg.: X-S =   2.3134E+04 mb/sr,
+                                         /R =   5.1143E-01
     7.70 deg.: X-S =   2.1982E+04 mb/sr,
+                                         /R =   5.1202E-01
     7.80 deg.: X-S =   2.0933E+04 mb/sr,
+                                         /R =   5.1337E-01
     7.90 deg.: X-S =   1.9964E+04 mb/sr,
+                                         /R =   5.1516E-01
     8.00 deg.: X-S =   1.9056E+04 mb/sr,
+                                         /R =   5.1706E-01
     8.10 deg.: X-S =   1.8194E+04 mb/sr,
+                                         /R =   5.1878E-01
     8.20 deg.: X-S =   1.7366E+04 mb/sr,
+                                         /R =   5.2002E-01
     8.30 deg.: X-S =   1.6560E+04 mb/sr,
+                                         /R =   5.2050E-01
     8.40 deg.: X-S =   1.5772E+04 mb/sr,
+                                         /R =   5.1999E-01
     8.50 deg.: X-S =   1.4994E+04 mb/sr,
+                                         /R =   5.1829E-01
     8.60 deg.: X-S =   1.4226E+04 mb/sr,
+                                         /R =   5.1521E-01
     8.70 deg.: X-S =   1.3463E+04 mb/sr,
+                                         /R =   5.1064E-01
     8.80 deg.: X-S =   1.2708E+04 mb/sr,
+                                         /R =   5.0449E-01
     8.90 deg.: X-S =   1.1960E+04 mb/sr,
+                                         /R =   4.9669E-01
     9.00 deg.: X-S =   1.1221E+04 mb/sr,
+                                         /R =   4.8726E-01
     9.10 deg.: X-S =   1.0493E+04 mb/sr,
+                                         /R =   4.7621E-01
     9.20 deg.: X-S =  9779.730509 mb/sr,
+                                         /R =   4.6362E-01
     9.30 deg.: X-S =  9083.386100 mb/sr,
+                                         /R =   4.4960E-01
     9.40 deg.: X-S =  8407.176517 mb/sr,
+                                         /R =   4.3428E-01
     9.50 deg.: X-S =  7754.103484 mb/sr,
+                                         /R =   4.1782E-01
     9.60 deg.: X-S =  7127.017487 mb/sr,
+                                         /R =   4.0042E-01
     9.70 deg.: X-S =  6528.528298 mb/sr,
+                                         /R =   3.8228E-01
     9.80 deg.: X-S =  5960.934492 mb/sr,
+                                         /R =   3.6363E-01
     9.90 deg.: X-S =  5426.170667 mb/sr,
+                                         /R =   3.4469E-01
    10.00 deg.: X-S =  4925.770945 mb/sr,
+                                         /R =   3.2570E-01
    10.10 deg.: X-S =  4460.847230 mb/sr,
+                                         /R =   3.0691E-01
    10.20 deg.: X-S =  4032.080661 mb/sr,
+                                         /R =   2.8853E-01
    10.30 deg.: X-S =  3639.724667 mb/sr,
+                                         /R =   2.7079E-01
    10.40 deg.: X-S =  3283.618019 mb/sr,
+                                         /R =   2.5390E-01
    10.50 deg.: X-S =  2963.206349 mb/sr,
+                                         /R =   2.3804E-01
    10.60 deg.: X-S =  2677.570603 mb/sr,
+                                         /R =   2.2338E-01
    10.70 deg.: X-S =  2425.461004 mb/sr,
+                                         /R =   2.1007E-01
    10.80 deg.: X-S =  2205.335165 mb/sr,
+                                         /R =   1.9822E-01
    10.90 deg.: X-S =  2015.399096 mb/sr,
+                                         /R =   1.8793E-01
    11.00 deg.: X-S =  1853.649940 mb/sr,
+                                         /R =   1.7926E-01
    11.10 deg.: X-S =  1717.919398 mb/sr,
+                                         /R =   1.7224E-01
    11.20 deg.: X-S =  1605.916898 mb/sr,
+                                         /R =   1.6687E-01
    11.30 deg.: X-S =  1515.271688 mb/sr,
+                                         /R =   1.6313E-01
    11.40 deg.: X-S =  1443.573156 mb/sr,
+                                         /R =   1.6097E-01
    11.50 deg.: X-S =  1388.408758 mb/sr,
+                                         /R =   1.6030E-01
    11.60 deg.: X-S =  1347.399091 mb/sr,
+                                         /R =   1.6103E-01
    11.70 deg.: X-S =  1318.229714 mb/sr,
+                                         /R =   1.6303E-01
    11.80 deg.: X-S =  1298.679428 mb/sr,
+                                         /R =   1.6616E-01
    11.90 deg.: X-S =  1286.644836 mb/sr,
+                                         /R =   1.7025E-01
    12.00 deg.: X-S =  1280.161071 mb/sr,
+                                         /R =   1.7513E-01
    12.10 deg.: X-S =  1277.418655 mb/sr,
+                                         /R =   1.8063E-01
    12.20 deg.: X-S =  1276.776536 mb/sr,
+                                         /R =   1.8656E-01
    12.30 deg.: X-S =  1276.771414 mb/sr,
+                                         /R =   1.9273E-01
    12.40 deg.: X-S =  1276.123495 mb/sr,
+                                         /R =   1.9895E-01
    12.50 deg.: X-S =  1273.738890 mb/sr,
+                                         /R =   2.0504E-01
    12.60 deg.: X-S =  1268.708895 mb/sr,
+                                         /R =   2.1081E-01
    12.70 deg.: X-S =  1260.306423 mb/sr,
+                                         /R =   2.1612E-01
    12.80 deg.: X-S =  1247.979882 mb/sr,
+                                         /R =   2.2079E-01
    12.90 deg.: X-S =  1231.344811 mb/sr,
+                                         /R =   2.2471E-01
    13.00 deg.: X-S =  1210.173593 mb/sr,
+                                         /R =   2.2774E-01
    13.10 deg.: X-S =  1184.383574 mb/sr,
+                                         /R =   2.2980E-01
    13.20 deg.: X-S =  1154.023893 mb/sr,
+                                         /R =   2.3079E-01
    13.30 deg.: X-S =  1119.261369 mb/sr,
+                                         /R =   2.3067E-01
    13.40 deg.: X-S =  1080.365711 mb/sr,
+                                         /R =   2.2940E-01
    13.50 deg.: X-S =  1037.694376 mb/sr,
+                                         /R =   2.2695E-01
    13.60 deg.: X-S =   991.677319 mb/sr,
+                                         /R =   2.2336E-01
    13.70 deg.: X-S =   942.801901 mb/sr,
+                                         /R =   2.1863E-01
    13.80 deg.: X-S =   891.598172 mb/sr,
+                                         /R =   2.1283E-01
    13.90 deg.: X-S =   838.624743 mb/sr,
+                                         /R =   2.0602E-01
    14.00 deg.: X-S =   784.455405 mb/sr,
+                                         /R =   1.9829E-01
    14.10 deg.: X-S =   729.666671 mb/sr,
+                                         /R =   1.8974E-01
    14.20 deg.: X-S =   674.826337 mb/sr,
+                                         /R =   1.8049E-01
    14.30 deg.: X-S =   620.483183 mb/sr,
+                                         /R =   1.7065E-01
    14.40 deg.: X-S =   567.157870 mb/sr,
+                                         /R =   1.6037E-01
    14.50 deg.: X-S =   515.335093 mb/sr,
+                                         /R =   1.4979E-01
    14.60 deg.: X-S =   465.457004 mb/sr,
+                                         /R =   1.3904E-01
    14.70 deg.: X-S =   417.917913 mb/sr,
+                                         /R =   1.2828E-01
    14.80 deg.: X-S =   373.060247 mb/sr,
+                                         /R =   1.1764E-01
    14.90 deg.: X-S =   331.171733 mb/sr,
+                                         /R =   1.0726E-01
    15.00 deg.: X-S =   292.483750 mb/sr,
+                                         /R =   9.7288E-02
    15.10 deg.: X-S =   257.170786 mb/sr,
+                                         /R =   8.7832E-02
    15.20 deg.: X-S =   225.350915 mb/sr,
+                                         /R =   7.9012E-02
    15.30 deg.: X-S =   197.087218 mb/sr,
+                                         /R =   7.0927E-02
    15.40 deg.: X-S =   172.390041 mb/sr,
+                                         /R =   6.3667E-02
    15.50 deg.: X-S =   151.219984 mb/sr,
+                                         /R =   5.7305E-02
    15.60 deg.: X-S =   133.491530 mb/sr,
+                                         /R =   5.1896E-02
    15.70 deg.: X-S =   119.077198 mb/sr,
+                                         /R =   4.7484E-02
    15.80 deg.: X-S =   107.812104 mb/sr,
+                                         /R =   4.4090E-02
    15.90 deg.: X-S =    99.498842 mb/sr,
+                                         /R =   4.1724E-02
    16.00 deg.: X-S =    93.912566 mb/sr,
+                                         /R =   4.0375E-02
    16.10 deg.: X-S =    90.806186 mb/sr,
+                                         /R =   4.0018E-02
    16.20 deg.: X-S =    89.915573 mb/sr,
+                                         /R =   4.0612E-02
    16.30 deg.: X-S =    90.964701 mb/sr,
+                                         /R =   4.2103E-02
    16.40 deg.: X-S =    93.670638 mb/sr,
+                                         /R =   4.4422E-02
    16.50 deg.: X-S =    97.748317 mb/sr,
+                                         /R =   4.7489E-02
    16.60 deg.: X-S =   102.915026 mb/sr,
+                                         /R =   5.1214E-02
    16.70 deg.: X-S =   108.894569 mb/sr,
+                                         /R =   5.5498E-02
    16.80 deg.: X-S =   115.421041 mb/sr,
+                                         /R =   6.0235E-02
    16.90 deg.: X-S =   122.242203 mb/sr,
+                                         /R =   6.5316E-02
    17.00 deg.: X-S =   129.122405 mb/sr,
+                                         /R =   7.0628E-02
    17.10 deg.: X-S =   135.845068 mb/sr,
+                                         /R =   7.6056E-02
    17.20 deg.: X-S =   142.214696 mb/sr,
+                                         /R =   8.1486E-02
    17.30 deg.: X-S =   148.058424 mb/sr,
+                                         /R =   8.6810E-02
    17.40 deg.: X-S =   153.227113 mb/sr,
+                                         /R =   9.1919E-02
    17.50 deg.: X-S =   157.596002 mb/sr,
+                                         /R =   9.6715E-02
    17.60 deg.: X-S =   161.064930 mb/sr,
+                                         /R =   1.0110E-01
    17.70 deg.: X-S =   163.558167 mb/sr,
+                                         /R =   1.0500E-01
    17.80 deg.: X-S =   165.023868 mb/sr,
+                                         /R =   1.0834E-01
    17.90 deg.: X-S =   165.433201 mb/sr,
+                                         /R =   1.1105E-01
    18.00 deg.: X-S =   164.779161 mb/sr,
+                                         /R =   1.1308E-01
    18.10 deg.: X-S =   163.075136 mb/sr,
+                                         /R =   1.1440E-01
    18.20 deg.: X-S =   160.353240 mb/sr,
+                                         /R =   1.1498E-01
    18.30 deg.: X-S =   156.662472 mb/sr,
+                                         /R =   1.1480E-01
    18.40 deg.: X-S =   152.066729 mb/sr,
+                                         /R =   1.1386E-01
    18.50 deg.: X-S =   146.642726 mb/sr,
+                                         /R =   1.1219E-01
    18.60 deg.: X-S =   140.477845 mb/sr,
+                                         /R =   1.0979E-01
    18.70 deg.: X-S =   133.667969 mb/sr,
+                                         /R =   1.0672E-01
    18.80 deg.: X-S =   126.315320 mb/sr,
+                                         /R =   1.0300E-01
    18.90 deg.: X-S =   118.526349 mb/sr,
+                                         /R =   9.8704E-02
    19.00 deg.: X-S =   110.409691 mb/sr,
+                                         /R =   9.3888E-02
    19.10 deg.: X-S =   102.074229 mb/sr,
+                                         /R =   8.8624E-02
    19.20 deg.: X-S =    93.627278 mb/sr,
+                                         /R =   8.2990E-02
    19.30 deg.: X-S =    85.172915 mb/sr,
+                                         /R =   7.7066E-02
    19.40 deg.: X-S =    76.810467 mb/sr,
+                                         /R =   7.0938E-02
    19.50 deg.: X-S =    68.633177 mb/sr,
+                                         /R =   6.4690E-02
    19.60 deg.: X-S =    60.727052 mb/sr,
+                                         /R =   5.8409E-02
    19.70 deg.: X-S =    53.169895 mb/sr,
+                                         /R =   5.2182E-02
    19.80 deg.: X-S =    46.030539 mb/sr,
+                                         /R =   4.6090E-02
    19.90 deg.: X-S =    39.368262 mb/sr,
+                                         /R =   4.0214E-02
    20.00 deg.: X-S =    33.232396 mb/sr,
+                                         /R =   3.4626E-02
    20.10 deg.: X-S =    27.662115 mb/sr,
+                                         /R =   2.9397E-02
    20.20 deg.: X-S =    22.686401 mb/sr,
+                                         /R =   2.4588E-02
    20.30 deg.: X-S =    18.324169 mb/sr,
+                                         /R =   2.0252E-02
    20.40 deg.: X-S =    14.584540 mb/sr,
+                                         /R =   1.6435E-02
    20.50 deg.: X-S =    11.467259 mb/sr,
+                                         /R =   1.3175E-02
    20.60 deg.: X-S =     8.963229 mb/sr,
+                                         /R =   1.0498E-02
    20.70 deg.: X-S =     7.055149 mb/sr,
+                                         /R =   8.4233E-03
    20.80 deg.: X-S =     5.718247 mb/sr,
+                                         /R =   6.9586E-03
    20.90 deg.: X-S =     4.921082 mb/sr,
+                                         /R =   6.1032E-03
    21.00 deg.: X-S =     4.626398 mb/sr,
+                                         /R =   5.8471E-03
    21.10 deg.: X-S =     4.792024 mb/sr,
+                                         /R =   6.1713E-03
    21.20 deg.: X-S =     5.371790 mb/sr,
+                                         /R =   7.0485E-03
    21.30 deg.: X-S =     6.316453 mb/sr,
+                                         /R =   8.4437E-03
    21.40 deg.: X-S =     7.574616 mb/sr,
+                                         /R =   1.0315E-02
    21.50 deg.: X-S =     9.093622 mb/sr,
+                                         /R =   1.2614E-02
    21.60 deg.: X-S =    10.820415 mb/sr,
+                                         /R =   1.5287E-02
    21.70 deg.: X-S =    12.702361 mb/sr,
+                                         /R =   1.8276E-02
    21.80 deg.: X-S =    14.688009 mb/sr,
+                                         /R =   2.1521E-02
    21.90 deg.: X-S =    16.727790 mb/sr,
+                                         /R =   2.4956E-02
    22.00 deg.: X-S =    18.774646 mb/sr,
+                                         /R =   2.8519E-02
    22.10 deg.: X-S =    20.784584 mb/sr,
+                                         /R =   3.2143E-02
    22.20 deg.: X-S =    22.717154 mb/sr,
+                                         /R =   3.5764E-02
    22.30 deg.: X-S =    24.535839 mb/sr,
+                                         /R =   3.9318E-02
    22.40 deg.: X-S =    26.208366 mb/sr,
+                                         /R =   4.2747E-02
    22.50 deg.: X-S =    27.706938 mb/sr,
+                                         /R =   4.5994E-02
    22.60 deg.: X-S =    29.008375 mb/sr,
+                                         /R =   4.9004E-02
    22.70 deg.: X-S =    30.094190 mb/sr,
+                                         /R =   5.1733E-02
    22.80 deg.: X-S =    30.950580 mb/sr,
+                                         /R =   5.4136E-02
    22.90 deg.: X-S =    31.568348 mb/sr,
+                                         /R =   5.6179E-02
    23.00 deg.: X-S =    31.942767 mb/sr,
+                                         /R =   5.7831E-02
    23.10 deg.: X-S =    32.073379 mb/sr,
+                                         /R =   5.9070E-02
    23.20 deg.: X-S =    31.963742 mb/sr,
+                                         /R =   5.9880E-02
    23.30 deg.: X-S =    31.621135 mb/sr,
+                                         /R =   6.0252E-02
    23.40 deg.: X-S =    31.056223 mb/sr,
+                                         /R =   6.0183E-02
    23.50 deg.: X-S =    30.282687 mb/sr,
+                                         /R =   5.9680E-02
    23.60 deg.: X-S =    29.316840 mb/sr,
+                                         /R =   5.8752E-02
    23.70 deg.: X-S =    28.177216 mb/sr,
+                                         /R =   5.7417E-02
    23.80 deg.: X-S =    26.884156 mb/sr,
+                                         /R =   5.5700E-02
    23.90 deg.: X-S =    25.459391 mb/sr,
+                                         /R =   5.3627E-02
    24.00 deg.: X-S =    23.925627 mb/sr,
+                                         /R =   5.1232E-02
    24.10 deg.: X-S =    22.306138 mb/sr,
+                                         /R =   4.8554E-02
    24.20 deg.: X-S =    20.624382 mb/sr,
+                                         /R =   4.5632E-02
    24.30 deg.: X-S =    18.903626 mb/sr,
+                                         /R =   4.2509E-02
    24.40 deg.: X-S =    17.166604 mb/sr,
+                                         /R =   3.9233E-02
    24.50 deg.: X-S =    15.435204 mb/sr,
+                                         /R =   3.5849E-02
    24.60 deg.: X-S =    13.730174 mb/sr,
+                                         /R =   3.2405E-02
    24.70 deg.: X-S =    12.070878 mb/sr,
+                                         /R =   2.8947E-02
    24.80 deg.: X-S =    10.475078 mb/sr,
+                                         /R =   2.5523E-02
    24.90 deg.: X-S =     8.958749 mb/sr,
+                                         /R =   2.2177E-02
    25.00 deg.: X-S =     7.535943 mb/sr,
+                                         /R =   1.8952E-02
    25.10 deg.: X-S =     6.218681 mb/sr,
+                                         /R =   1.5887E-02
    25.20 deg.: X-S =     5.016881 mb/sr,
+                                         /R =   1.3019E-02
    25.30 deg.: X-S =     3.938327 mb/sr,
+                                         /R =   1.0380E-02
    25.40 deg.: X-S =     2.988665 mb/sr,
+                                         /R =   8.0005E-03
    25.50 deg.: X-S =     2.171442 mb/sr,
+                                         /R =   5.9034E-03
    25.60 deg.: X-S =     1.488157 mb/sr,
+                                         /R =   4.1086E-03
    25.70 deg.: X-S =     0.938358 mb/sr,
+                                         /R =   2.6307E-03
    25.80 deg.: X-S =     0.519745 mb/sr,
+                                         /R =   1.4795E-03
    25.90 deg.: X-S =     0.228313 mb/sr,
+                                         /R =   6.5989E-04
    26.00 deg.: X-S =     0.058495 mb/sr,
+                                         /R =   1.7165E-04
    26.10 deg.: X-S =     0.003329 mb/sr,
+                                         /R =   9.9162E-06
    26.20 deg.: X-S =     0.054636 mb/sr,
+                                         /R =   1.6523E-04
    26.30 deg.: X-S =     0.203205 mb/sr,
+                                         /R =   6.2379E-04
    26.40 deg.: X-S =     0.438982 mb/sr,
+                                         /R =   1.3678E-03
    26.50 deg.: X-S =     0.751258 mb/sr,
+                                         /R =   2.3758E-03
    26.60 deg.: X-S =     1.128866 mb/sr,
+                                         /R =   3.6232E-03
    26.70 deg.: X-S =     1.560362 mb/sr,
+                                         /R =   5.0825E-03
    26.80 deg.: X-S =     2.034206 mb/sr,
+                                         /R =   6.7239E-03
    26.90 deg.: X-S =     2.538937 mb/sr,
+                                         /R =   8.5159E-03
    27.00 deg.: X-S =     3.063330 mb/sr,
+                                         /R =   1.0426E-02
    27.10 deg.: X-S =     3.596545 mb/sr,
+                                         /R =   1.2419E-02
    27.20 deg.: X-S =     4.128264 mb/sr,
+                                         /R =   1.4463E-02
    27.30 deg.: X-S =     4.648808 mb/sr,
+                                         /R =   1.6523E-02
    27.40 deg.: X-S =     5.149243 mb/sr,
+                                         /R =   1.8566E-02
    27.50 deg.: X-S =     5.621467 mb/sr,
+                                         /R =   2.0560E-02
    27.60 deg.: X-S =     6.058277 mb/sr,
+                                         /R =   2.2476E-02
    27.70 deg.: X-S =     6.453428 mb/sr,
+                                         /R =   2.4284E-02
    27.80 deg.: X-S =     6.801664 mb/sr,
+                                         /R =   2.5958E-02
    27.90 deg.: X-S =     7.098745 mb/sr,
+                                         /R =   2.7476E-02
    28.00 deg.: X-S =     7.341442 mb/sr,
+                                         /R =   2.8817E-02
    28.10 deg.: X-S =     7.527539 mb/sr,
+                                         /R =   2.9963E-02
    28.20 deg.: X-S =     7.655796 mb/sr,
+                                         /R =   3.0901E-02
    28.30 deg.: X-S =     7.725923 mb/sr,
+                                         /R =   3.1620E-02
    28.40 deg.: X-S =     7.738525 mb/sr,
+                                         /R =   3.2112E-02
    28.50 deg.: X-S =     7.695044 mb/sr,
+                                         /R =   3.2374E-02
    28.60 deg.: X-S =     7.597692 mb/sr,
+                                         /R =   3.2406E-02
    28.70 deg.: X-S =     7.449379 mb/sr,
+                                         /R =   3.2211E-02
    28.80 deg.: X-S =     7.253629 mb/sr,
+                                         /R =   3.1795E-02
    28.90 deg.: X-S =     7.014493 mb/sr,
+                                         /R =   3.1166E-02
    29.00 deg.: X-S =     6.736467 mb/sr,
+                                         /R =   3.0339E-02
    29.10 deg.: X-S =     6.424397 mb/sr,
+                                         /R =   2.9326E-02
    29.20 deg.: X-S =     6.083394 mb/sr,
+                                         /R =   2.8144E-02
    29.30 deg.: X-S =     5.718742 mb/sr,
+                                         /R =   2.6814E-02
    29.40 deg.: X-S =     5.335814 mb/sr,
+                                         /R =   2.5354E-02
    29.50 deg.: X-S =     4.939987 mb/sr,
+                                         /R =   2.3787E-02
    29.60 deg.: X-S =     4.536568 mb/sr,
+                                         /R =   2.2135E-02
    29.70 deg.: X-S =     4.130718 mb/sr,
+                                         /R =   2.0423E-02
    29.80 deg.: X-S =     3.727387 mb/sr,
+                                         /R =   1.8672E-02
    29.90 deg.: X-S =     3.331252 mb/sr,
+                                         /R =   1.6908E-02
    30.00 deg.: X-S =     2.946668 mb/sr,
+                                         /R =   1.5152E-02
    30.10 deg.: X-S =     2.577618 mb/sr,
+                                         /R =   1.3428E-02
    30.20 deg.: X-S =     2.227678 mb/sr,
+                                         /R =   1.1757E-02
    30.30 deg.: X-S =     1.899987 mb/sr,
+                                         /R =   1.0157E-02
    30.40 deg.: X-S =     1.597226 mb/sr,
+                                         /R =   8.6495E-03
    30.50 deg.: X-S =     1.321602 mb/sr,
+                                         /R =   7.2493E-03
    30.60 deg.: X-S =     1.074842 mb/sr,
+                                         /R =   5.9716E-03
    30.70 deg.: X-S =     0.858195 mb/sr,
+                                         /R =   4.8291E-03
    30.80 deg.: X-S =     0.672435 mb/sr,
+                                         /R =   3.8321E-03
    30.90 deg.: X-S =     0.517882 mb/sr,
+                                         /R =   2.9889E-03
    31.00 deg.: X-S =     0.394414 mb/sr,
+                                         /R =   2.3052E-03
    31.10 deg.: X-S =     0.301495 mb/sr,
+                                         /R =   1.7844E-03
    31.20 deg.: X-S =     0.238204 mb/sr,
+                                         /R =   1.4276E-03
    31.30 deg.: X-S =     0.203267 mb/sr,
+                                         /R =   1.2335E-03
    31.40 deg.: X-S =     0.195095 mb/sr,
+                                         /R =   1.1987E-03
    31.50 deg.: X-S =     0.211819 mb/sr,
+                                         /R =   1.3177E-03
    31.60 deg.: X-S =     0.251335 mb/sr,
+                                         /R =   1.5830E-03
    31.70 deg.: X-S =     0.311342 mb/sr,
+                                         /R =   1.9853E-03
    31.80 deg.: X-S =     0.389388 mb/sr,
+                                         /R =   2.5136E-03
    31.90 deg.: X-S =     0.482907 mb/sr,
+                                         /R =   3.1556E-03
    32.00 deg.: X-S =     0.589265 mb/sr,
+                                         /R =   3.8979E-03
    32.10 deg.: X-S =     0.705798 mb/sr,
+                                         /R =   4.7258E-03
    32.20 deg.: X-S =     0.829852 mb/sr,
+                                         /R =   5.6242E-03
    32.30 deg.: X-S =     0.958816 mb/sr,
+                                         /R =   6.5771E-03
    32.40 deg.: X-S =     1.090160 mb/sr,
+                                         /R =   7.5686E-03
    32.50 deg.: X-S =     1.221462 mb/sr,
+                                         /R =   8.5826E-03
    32.60 deg.: X-S =     1.350440 mb/sr,
+                                         /R =   9.6029E-03
    32.70 deg.: X-S =     1.474970 mb/sr,
+                                         /R =   1.0614E-02
    32.80 deg.: X-S =     1.593114 mb/sr,
+                                         /R =   1.1601E-02
    32.90 deg.: X-S =     1.703131 mb/sr,
+                                         /R =   1.2550E-02
    33.00 deg.: X-S =     1.803494 mb/sr,
+                                         /R =   1.3448E-02
    33.10 deg.: X-S =     1.892900 mb/sr,
+                                         /R =   1.4281E-02
    33.20 deg.: X-S =     1.970272 mb/sr,
+                                         /R =   1.5040E-02
    33.30 deg.: X-S =     2.034767 mb/sr,
+                                         /R =   1.5715E-02
    33.40 deg.: X-S =     2.085772 mb/sr,
+                                         /R =   1.6298E-02
    33.50 deg.: X-S =     2.122900 mb/sr,
+                                         /R =   1.6782E-02
    33.60 deg.: X-S =     2.145987 mb/sr,
+                                         /R =   1.7162E-02
    33.70 deg.: X-S =     2.155077 mb/sr,
+                                         /R =   1.7435E-02
    33.80 deg.: X-S =     2.150415 mb/sr,
+                                         /R =   1.7599E-02
    33.90 deg.: X-S =     2.132428 mb/sr,
+                                         /R =   1.7653E-02
    34.00 deg.: X-S =     2.101716 mb/sr,
+                                         /R =   1.7599E-02
    34.10 deg.: X-S =     2.059027 mb/sr,
+                                         /R =   1.7439E-02
    34.20 deg.: X-S =     2.005247 mb/sr,
+                                         /R =   1.7178E-02
    34.30 deg.: X-S =     1.941372 mb/sr,
+                                         /R =   1.6820E-02
    34.40 deg.: X-S =     1.868494 mb/sr,
+                                         /R =   1.6372E-02
    34.50 deg.: X-S =     1.787780 mb/sr,
+                                         /R =   1.5842E-02
    34.60 deg.: X-S =     1.700450 mb/sr,
+                                         /R =   1.5239E-02
    34.70 deg.: X-S =     1.607757 mb/sr,
+                                         /R =   1.4570E-02
    34.80 deg.: X-S =     1.510974 mb/sr,
+                                         /R =   1.3847E-02
    34.90 deg.: X-S =     1.411365 mb/sr,
+                                         /R =   1.3078E-02
    35.00 deg.: X-S =     1.310178 mb/sr,
+                                         /R =   1.2276E-02
    35.10 deg.: X-S =     1.208622 mb/sr,
+                                         /R =   1.1450E-02
    35.20 deg.: X-S =     1.107856 mb/sr,
+                                         /R =   1.0612E-02
    35.30 deg.: X-S =     1.008974 mb/sr,
+                                         /R =   9.7717E-03
    35.40 deg.: X-S =     0.912993 mb/sr,
+                                         /R =   8.9396E-03
    35.50 deg.: X-S =     0.820844 mb/sr,
+                                         /R =   8.1255E-03
    35.60 deg.: X-S =     0.733363 mb/sr,
+                                         /R =   7.3390E-03
    35.70 deg.: X-S =     0.651285 mb/sr,
+                                         /R =   6.5888E-03
    35.80 deg.: X-S =     0.575239 mb/sr,
+                                         /R =   5.8828E-03
    35.90 deg.: X-S =     0.505744 mb/sr,
+                                         /R =   5.2282E-03
    36.00 deg.: X-S =     0.443207 mb/sr,
+                                         /R =   4.6313E-03
    36.10 deg.: X-S =     0.387926 mb/sr,
+                                         /R =   4.0974E-03
    36.20 deg.: X-S =     0.340090 mb/sr,
+                                         /R =   3.6307E-03
    36.30 deg.: X-S =     0.299779 mb/sr,
+                                         /R =   3.2347E-03
    36.40 deg.: X-S =     0.266973 mb/sr,
+                                         /R =   2.9115E-03
    36.50 deg.: X-S =     0.241555 mb/sr,
+                                         /R =   2.6624E-03
    36.60 deg.: X-S =     0.223318 mb/sr,
+                                         /R =   2.4875E-03
    36.70 deg.: X-S =     0.211972 mb/sr,
+                                         /R =   2.3862E-03
    36.80 deg.: X-S =     0.207153 mb/sr,
+                                         /R =   2.3565E-03
    36.90 deg.: X-S =     0.208430 mb/sr,
+                                         /R =   2.3960E-03
    37.00 deg.: X-S =     0.215315 mb/sr,
+                                         /R =   2.5012E-03
    37.10 deg.: X-S =     0.227273 mb/sr,
+                                         /R =   2.6677E-03
    37.20 deg.: X-S =     0.243733 mb/sr,
+                                         /R =   2.8908E-03
    37.30 deg.: X-S =     0.264091 mb/sr,
+                                         /R =   3.1649E-03
    37.40 deg.: X-S =     0.287730 mb/sr,
+                                         /R =   3.4840E-03
    37.50 deg.: X-S =     0.314018 mb/sr,
+                                         /R =   3.8416E-03
    37.60 deg.: X-S =     0.342326 mb/sr,
+                                         /R =   4.2312E-03
    37.70 deg.: X-S =     0.372032 mb/sr,
+                                         /R =   4.6457E-03
    37.80 deg.: X-S =     0.402528 mb/sr,
+                                         /R =   5.0781E-03
    37.90 deg.: X-S =     0.433230 mb/sr,
+                                         /R =   5.5213E-03
    38.00 deg.: X-S =     0.463584 mb/sr,
+                                         /R =   5.9684E-03
    38.10 deg.: X-S =     0.493070 mb/sr,
+                                         /R =   6.4127E-03
    38.20 deg.: X-S =     0.521211 mb/sr,
+                                         /R =   6.8474E-03
    38.30 deg.: X-S =     0.547571 mb/sr,
+                                         /R =   7.2665E-03
    38.40 deg.: X-S =     0.571766 mb/sr,
+                                         /R =   7.6641E-03
    38.50 deg.: X-S =     0.593460 mb/sr,
+                                         /R =   8.0350E-03
    38.60 deg.: X-S =     0.612370 mb/sr,
+                                         /R =   8.3742E-03
    38.70 deg.: X-S =     0.628269 mb/sr,
+                                         /R =   8.6775E-03
    38.80 deg.: X-S =     0.640981 mb/sr,
+                                         /R =   8.9414E-03
    38.90 deg.: X-S =     0.650384 mb/sr,
+                                         /R =   9.1628E-03
    39.00 deg.: X-S =     0.656411 mb/sr,
+                                         /R =   9.3395E-03
    39.10 deg.: X-S =     0.659042 mb/sr,
+                                         /R =   9.4697E-03
    39.20 deg.: X-S =     0.658308 mb/sr,
+                                         /R =   9.5524E-03
    39.30 deg.: X-S =     0.654282 mb/sr,
+                                         /R =   9.5874E-03
    39.40 deg.: X-S =     0.647082 mb/sr,
+                                         /R =   9.5749E-03
    39.50 deg.: X-S =     0.636863 mb/sr,
+                                         /R =   9.5159E-03
    39.60 deg.: X-S =     0.623813 mb/sr,
+                                         /R =   9.4119E-03
    39.70 deg.: X-S =     0.608153 mb/sr,
+                                         /R =   9.2649E-03
    39.80 deg.: X-S =     0.590126 mb/sr,
+                                         /R =   9.0774E-03
    39.90 deg.: X-S =     0.569997 mb/sr,
+                                         /R =   8.8527E-03
    40.00 deg.: X-S =     0.548048 mb/sr,
+                                         /R =   8.5939E-03

 CROSS SECTIONS FOR OUTGOING ne18     & c13      in state #   1 with spins & parities 0.0  + & 0.5  +;  0

     0.00 deg.: X-S =     3.122981 mb/sr,
+                                         REAC   2.6397E-01 mb
     0.10 deg.: X-S =     3.120153 mb/sr,
     0.20 deg.: X-S =     3.111753 mb/sr,
     0.30 deg.: X-S =     3.098031 mb/sr,
     0.40 deg.: X-S =     3.079400 mb/sr,
     0.50 deg.: X-S =     3.056429 mb/sr,
     0.60 deg.: X-S =     3.029832 mb/sr,
     0.70 deg.: X-S =     3.000455 mb/sr,
     0.80 deg.: X-S =     2.969265 mb/sr,
     0.90 deg.: X-S =     2.937328 mb/sr,
     1.00 deg.: X-S =     2.905790 mb/sr,
     1.10 deg.: X-S =     2.875860 mb/sr,
     1.20 deg.: X-S =     2.848777 mb/sr,
     1.30 deg.: X-S =     2.825793 mb/sr,
     1.40 deg.: X-S =     2.808142 mb/sr,
     1.50 deg.: X-S =     2.797010 mb/sr,
     1.60 deg.: X-S =     2.793514 mb/sr,
     1.70 deg.: X-S =     2.798667 mb/sr,
     1.80 deg.: X-S =     2.813353 mb/sr,
     1.90 deg.: X-S =     2.838304 mb/sr,
     2.00 deg.: X-S =     2.874073 mb/sr,
     2.10 deg.: X-S =     2.921009 mb/sr,
     2.20 deg.: X-S =     2.979249 mb/sr,
     2.30 deg.: X-S =     3.048692 mb/sr,
     2.40 deg.: X-S =     3.128997 mb/sr,
     2.50 deg.: X-S =     3.219573 mb/sr,
     2.60 deg.: X-S =     3.319578 mb/sr,
     2.70 deg.: X-S =     3.427931 mb/sr,
     2.80 deg.: X-S =     3.543313 mb/sr,
     2.90 deg.: X-S =     3.664188 mb/sr,
     3.00 deg.: X-S =     3.788825 mb/sr,
     3.10 deg.: X-S =     3.915323 mb/sr,
     3.20 deg.: X-S =     4.041641 mb/sr,
     3.30 deg.: X-S =     4.165637 mb/sr,
     3.40 deg.: X-S =     4.285104 mb/sr,
     3.50 deg.: X-S =     4.397810 mb/sr,
     3.60 deg.: X-S =     4.501546 mb/sr,
     3.70 deg.: X-S =     4.594166 mb/sr,
     3.80 deg.: X-S =     4.673633 mb/sr,
     3.90 deg.: X-S =     4.738063 mb/sr,
     4.00 deg.: X-S =     4.785762 mb/sr,
     4.10 deg.: X-S =     4.815266 mb/sr,
     4.20 deg.: X-S =     4.825376 mb/sr,
     4.30 deg.: X-S =     4.815183 mb/sr,
     4.40 deg.: X-S =     4.784092 mb/sr,
     4.50 deg.: X-S =     4.731839 mb/sr,
     4.60 deg.: X-S =     4.658502 mb/sr,
     4.70 deg.: X-S =     4.564499 mb/sr,
     4.80 deg.: X-S =     4.450589 mb/sr,
     4.90 deg.: X-S =     4.317858 mb/sr,
     5.00 deg.: X-S =     4.167697 mb/sr,
     5.10 deg.: X-S =     4.001782 mb/sr,
     5.20 deg.: X-S =     3.822042 mb/sr,
     5.30 deg.: X-S =     3.630619 mb/sr,
     5.40 deg.: X-S =     3.429831 mb/sr,
     5.50 deg.: X-S =     3.222126 mb/sr,
     5.60 deg.: X-S =     3.010038 mb/sr,
     5.70 deg.: X-S =     2.796134 mb/sr,
     5.80 deg.: X-S =     2.582971 mb/sr,
     5.90 deg.: X-S =     2.373048 mb/sr,
     6.00 deg.: X-S =     2.168758 mb/sr,
     6.10 deg.: X-S =     1.972348 mb/sr,
     6.20 deg.: X-S =     1.785880 mb/sr,
     6.30 deg.: X-S =     1.611200 mb/sr,
     6.40 deg.: X-S =     1.449903 mb/sr,
     6.50 deg.: X-S =     1.303318 mb/sr,
     6.60 deg.: X-S =     1.172485 mb/sr,
     6.70 deg.: X-S =     1.058148 mb/sr,
     6.80 deg.: X-S =     0.960752 mb/sr,
     6.90 deg.: X-S =     0.880441 mb/sr,
     7.00 deg.: X-S =     0.817071 mb/sr,
     7.10 deg.: X-S =     0.770220 mb/sr,
     7.20 deg.: X-S =     0.739206 mb/sr,
     7.30 deg.: X-S =     0.723116 mb/sr,
     7.40 deg.: X-S =     0.720823 mb/sr,
     7.50 deg.: X-S =     0.731023 mb/sr,
     7.60 deg.: X-S =     0.752265 mb/sr,
     7.70 deg.: X-S =     0.782981 mb/sr,
     7.80 deg.: X-S =     0.821525 mb/sr,
     7.90 deg.: X-S =     0.866201 mb/sr,
     8.00 deg.: X-S =     0.915303 mb/sr,
     8.10 deg.: X-S =     0.967139 mb/sr,
     8.20 deg.: X-S =     1.020068 mb/sr,
     8.30 deg.: X-S =     1.072522 mb/sr,
     8.40 deg.: X-S =     1.123036 mb/sr,
     8.50 deg.: X-S =     1.170263 mb/sr,
     8.60 deg.: X-S =     1.212999 mb/sr,
     8.70 deg.: X-S =     1.250194 mb/sr,
     8.80 deg.: X-S =     1.280964 mb/sr,
     8.90 deg.: X-S =     1.304597 mb/sr,
     9.00 deg.: X-S =     1.320561 mb/sr,
     9.10 deg.: X-S =     1.328499 mb/sr,
     9.20 deg.: X-S =     1.328231 mb/sr,
     9.30 deg.: X-S =     1.319744 mb/sr,
     9.40 deg.: X-S =     1.303187 mb/sr,
     9.50 deg.: X-S =     1.278856 mb/sr,
     9.60 deg.: X-S =     1.247184 mb/sr,
     9.70 deg.: X-S =     1.208724 mb/sr,
     9.80 deg.: X-S =     1.164134 mb/sr,
     9.90 deg.: X-S =     1.114156 mb/sr,
    10.00 deg.: X-S =     1.059601 mb/sr,
    10.10 deg.: X-S =     1.001328 mb/sr,
    10.20 deg.: X-S =     0.940230 mb/sr,
    10.30 deg.: X-S =     0.877208 mb/sr,
    10.40 deg.: X-S =     0.813164 mb/sr,
    10.50 deg.: X-S =     0.748973 mb/sr,
    10.60 deg.: X-S =     0.685479 mb/sr,
    10.70 deg.: X-S =     0.623473 mb/sr,
    10.80 deg.: X-S =     0.563688 mb/sr,
    10.90 deg.: X-S =     0.506782 mb/sr,
    11.00 deg.: X-S =     0.453337 mb/sr,
    11.10 deg.: X-S =     0.403845 mb/sr,
    11.20 deg.: X-S =     0.358713 mb/sr,
    11.30 deg.: X-S =     0.318251 mb/sr,
    11.40 deg.: X-S =     0.282678 mb/sr,
    11.50 deg.: X-S =     0.252120 mb/sr,
    11.60 deg.: X-S =     0.226616 mb/sr,
    11.70 deg.: X-S =     0.206116 mb/sr,
    11.80 deg.: X-S =     0.190495 mb/sr,
    11.90 deg.: X-S =     0.179553 mb/sr,
    12.00 deg.: X-S =     0.173023 mb/sr,
    12.10 deg.: X-S =     0.170583 mb/sr,
    12.20 deg.: X-S =     0.171863 mb/sr,
    12.30 deg.: X-S =     0.176452 mb/sr,
    12.40 deg.: X-S =     0.183911 mb/sr,
    12.50 deg.: X-S =     0.193777 mb/sr,
    12.60 deg.: X-S =     0.205580 mb/sr,
    12.70 deg.: X-S =     0.218842 mb/sr,
    12.80 deg.: X-S =     0.233093 mb/sr,
    12.90 deg.: X-S =     0.247877 mb/sr,
    13.00 deg.: X-S =     0.262755 mb/sr,
    13.10 deg.: X-S =     0.277317 mb/sr,
    13.20 deg.: X-S =     0.291184 mb/sr,
    13.30 deg.: X-S =     0.304012 mb/sr,
    13.40 deg.: X-S =     0.315501 mb/sr,
    13.50 deg.: X-S =     0.325390 mb/sr,
    13.60 deg.: X-S =     0.333466 mb/sr,
    13.70 deg.: X-S =     0.339561 mb/sr,
    13.80 deg.: X-S =     0.343553 mb/sr,
    13.90 deg.: X-S =     0.345368 mb/sr,
    14.00 deg.: X-S =     0.344975 mb/sr,
    14.10 deg.: X-S =     0.342386 mb/sr,
    14.20 deg.: X-S =     0.337653 mb/sr,
    14.30 deg.: X-S =     0.330867 mb/sr,
    14.40 deg.: X-S =     0.322150 mb/sr,
    14.50 deg.: X-S =     0.311654 mb/sr,
    14.60 deg.: X-S =     0.299557 mb/sr,
    14.70 deg.: X-S =     0.286056 mb/sr,
    14.80 deg.: X-S =     0.271367 mb/sr,
    14.90 deg.: X-S =     0.255715 mb/sr,
    15.00 deg.: X-S =     0.239333 mb/sr,
    15.10 deg.: X-S =     0.222456 mb/sr,
    15.20 deg.: X-S =     0.205318 mb/sr,
    15.30 deg.: X-S =     0.188148 mb/sr,
    15.40 deg.: X-S =     0.171164 mb/sr,
    15.50 deg.: X-S =     0.154572 mb/sr,
    15.60 deg.: X-S =     0.138565 mb/sr,
    15.70 deg.: X-S =     0.123316 mb/sr,
    15.80 deg.: X-S =     0.108977 mb/sr,
    15.90 deg.: X-S =     0.095681 mb/sr,
    16.00 deg.: X-S =     0.083538 mb/sr,
    16.10 deg.: X-S =     0.072634 mb/sr,
    16.20 deg.: X-S =     0.063033 mb/sr,
    16.30 deg.: X-S =     0.054774 mb/sr,
    16.40 deg.: X-S =     0.047875 mb/sr,
    16.50 deg.: X-S =     0.042331 mb/sr,
    16.60 deg.: X-S =     0.038117 mb/sr,
    16.70 deg.: X-S =     0.035190 mb/sr,
    16.80 deg.: X-S =     0.033487 mb/sr,
    16.90 deg.: X-S =     0.032932 mb/sr,
    17.00 deg.: X-S =     0.033435 mb/sr,
    17.10 deg.: X-S =     0.034893 mb/sr,
    17.20 deg.: X-S =     0.037195 mb/sr,
    17.30 deg.: X-S =     0.040224 mb/sr,
    17.40 deg.: X-S =     0.043857 mb/sr,
    17.50 deg.: X-S =     0.047969 mb/sr,
    17.60 deg.: X-S =     0.052435 mb/sr,
    17.70 deg.: X-S =     0.057131 mb/sr,
    17.80 deg.: X-S =     0.061936 mb/sr,
    17.90 deg.: X-S =     0.066736 mb/sr,
    18.00 deg.: X-S =     0.071421 mb/sr,
    18.10 deg.: X-S =     0.075893 mb/sr,
    18.20 deg.: X-S =     0.080059 mb/sr,
    18.30 deg.: X-S =     0.083839 mb/sr,
    18.40 deg.: X-S =     0.087164 mb/sr,
    18.50 deg.: X-S =     0.089975 mb/sr,
    18.60 deg.: X-S =     0.092226 mb/sr,
    18.70 deg.: X-S =     0.093884 mb/sr,
    18.80 deg.: X-S =     0.094925 mb/sr,
    18.90 deg.: X-S =     0.095339 mb/sr,
    19.00 deg.: X-S =     0.095127 mb/sr,
    19.10 deg.: X-S =     0.094300 mb/sr,
    19.20 deg.: X-S =     0.092879 mb/sr,
    19.30 deg.: X-S =     0.090895 mb/sr,
    19.40 deg.: X-S =     0.088385 mb/sr,
    19.50 deg.: X-S =     0.085396 mb/sr,
    19.60 deg.: X-S =     0.081978 mb/sr,
    19.70 deg.: X-S =     0.078186 mb/sr,
    19.80 deg.: X-S =     0.074082 mb/sr,
    19.90 deg.: X-S =     0.069727 mb/sr,
    20.00 deg.: X-S =     0.065185 mb/sr,
    20.10 deg.: X-S =     0.060518 mb/sr,
    20.20 deg.: X-S =     0.055791 mb/sr,
    20.30 deg.: X-S =     0.051064 mb/sr,
    20.40 deg.: X-S =     0.046397 mb/sr,
    20.50 deg.: X-S =     0.041843 mb/sr,
    20.60 deg.: X-S =     0.037455 mb/sr,
    20.70 deg.: X-S =     0.033278 mb/sr,
    20.80 deg.: X-S =     0.029353 mb/sr,
    20.90 deg.: X-S =     0.025717 mb/sr,
    21.00 deg.: X-S =     0.022399 mb/sr,
    21.10 deg.: X-S =     0.019422 mb/sr,
    21.20 deg.: X-S =     0.016804 mb/sr,
    21.30 deg.: X-S =     0.014557 mb/sr,
    21.40 deg.: X-S =     0.012686 mb/sr,
    21.50 deg.: X-S =     0.011191 mb/sr,
    21.60 deg.: X-S =     0.010067 mb/sr,
    21.70 deg.: X-S =     0.009302 mb/sr,
    21.80 deg.: X-S =     0.008881 mb/sr,
    21.90 deg.: X-S =     0.008785 mb/sr,
    22.00 deg.: X-S =     0.008991 mb/sr,
    22.10 deg.: X-S =     0.009471 mb/sr,
    22.20 deg.: X-S =     0.010196 mb/sr,
    22.30 deg.: X-S =     0.011135 mb/sr,
    22.40 deg.: X-S =     0.012254 mb/sr,
    22.50 deg.: X-S =     0.013521 mb/sr,
    22.60 deg.: X-S =     0.014900 mb/sr,
    22.70 deg.: X-S =     0.016358 mb/sr,
    22.80 deg.: X-S =     0.017860 mb/sr,
    22.90 deg.: X-S =     0.019375 mb/sr,
    23.00 deg.: X-S =     0.020872 mb/sr,
    23.10 deg.: X-S =     0.022320 mb/sr,
    23.20 deg.: X-S =     0.023695 mb/sr,
    23.30 deg.: X-S =     0.024971 mb/sr,
    23.40 deg.: X-S =     0.026127 mb/sr,
    23.50 deg.: X-S =     0.027146 mb/sr,
    23.60 deg.: X-S =     0.028011 mb/sr,
    23.70 deg.: X-S =     0.028711 mb/sr,
    23.80 deg.: X-S =     0.029238 mb/sr,
    23.90 deg.: X-S =     0.029584 mb/sr,
    24.00 deg.: X-S =     0.029749 mb/sr,
    24.10 deg.: X-S =     0.029733 mb/sr,
    24.20 deg.: X-S =     0.029538 mb/sr,
    24.30 deg.: X-S =     0.029172 mb/sr,
    24.40 deg.: X-S =     0.028642 mb/sr,
    24.50 deg.: X-S =     0.027958 mb/sr,
    24.60 deg.: X-S =     0.027135 mb/sr,
    24.70 deg.: X-S =     0.026184 mb/sr,
    24.80 deg.: X-S =     0.025122 mb/sr,
    24.90 deg.: X-S =     0.023966 mb/sr,
    25.00 deg.: X-S =     0.022731 mb/sr,
    25.10 deg.: X-S =     0.021436 mb/sr,
    25.20 deg.: X-S =     0.020098 mb/sr,
    25.30 deg.: X-S =     0.018734 mb/sr,
    25.40 deg.: X-S =     0.017363 mb/sr,
    25.50 deg.: X-S =     0.015999 mb/sr,
    25.60 deg.: X-S =     0.014660 mb/sr,
    25.70 deg.: X-S =     0.013358 mb/sr,
    25.80 deg.: X-S =     0.012109 mb/sr,
    25.90 deg.: X-S =     0.010924 mb/sr,
    26.00 deg.: X-S =     0.009814 mb/sr,
    26.10 deg.: X-S =     0.008788 mb/sr,
    26.20 deg.: X-S =     0.007853 mb/sr,
    26.30 deg.: X-S =     0.007017 mb/sr,
    26.40 deg.: X-S =     0.006283 mb/sr,
    26.50 deg.: X-S =     0.005653 mb/sr,
    26.60 deg.: X-S =     0.005130 mb/sr,
    26.70 deg.: X-S =     0.004713 mb/sr,
    26.80 deg.: X-S =     0.004400 mb/sr,
    26.90 deg.: X-S =     0.004188 mb/sr,
    27.00 deg.: X-S =     0.004072 mb/sr,
    27.10 deg.: X-S =     0.004047 mb/sr,
    27.20 deg.: X-S =     0.004106 mb/sr,
    27.30 deg.: X-S =     0.004243 mb/sr,
    27.40 deg.: X-S =     0.004448 mb/sr,
    27.50 deg.: X-S =     0.004713 mb/sr,
    27.60 deg.: X-S =     0.005030 mb/sr,
    27.70 deg.: X-S =     0.005388 mb/sr,
    27.80 deg.: X-S =     0.005778 mb/sr,
    27.90 deg.: X-S =     0.006190 mb/sr,
    28.00 deg.: X-S =     0.006616 mb/sr,
    28.10 deg.: X-S =     0.007047 mb/sr,
    28.20 deg.: X-S =     0.007473 mb/sr,
    28.30 deg.: X-S =     0.007887 mb/sr,
    28.40 deg.: X-S =     0.008282 mb/sr,
    28.50 deg.: X-S =     0.008649 mb/sr,
    28.60 deg.: X-S =     0.008985 mb/sr,
    28.70 deg.: X-S =     0.009283 mb/sr,
    28.80 deg.: X-S =     0.009539 mb/sr,
    28.90 deg.: X-S =     0.009749 mb/sr,
    29.00 deg.: X-S =     0.009912 mb/sr,
    29.10 deg.: X-S =     0.010024 mb/sr,
    29.20 deg.: X-S =     0.010085 mb/sr,
    29.30 deg.: X-S =     0.010095 mb/sr,
    29.40 deg.: X-S =     0.010055 mb/sr,
    29.50 deg.: X-S =     0.009965 mb/sr,
    29.60 deg.: X-S =     0.009828 mb/sr,
    29.70 deg.: X-S =     0.009645 mb/sr,
    29.80 deg.: X-S =     0.009421 mb/sr,
    29.90 deg.: X-S =     0.009159 mb/sr,
    30.00 deg.: X-S =     0.008863 mb/sr,
    30.10 deg.: X-S =     0.008537 mb/sr,
    30.20 deg.: X-S =     0.008185 mb/sr,
    30.30 deg.: X-S =     0.007812 mb/sr,
    30.40 deg.: X-S =     0.007423 mb/sr,
    30.50 deg.: X-S =     0.007023 mb/sr,
    30.60 deg.: X-S =     0.006616 mb/sr,
    30.70 deg.: X-S =     0.006208 mb/sr,
    30.80 deg.: X-S =     0.005803 mb/sr,
    30.90 deg.: X-S =     0.005404 mb/sr,
    31.00 deg.: X-S =     0.005017 mb/sr,
    31.10 deg.: X-S =     0.004644 mb/sr,
    31.20 deg.: X-S =     0.004289 mb/sr,
    31.30 deg.: X-S =     0.003955 mb/sr,
    31.40 deg.: X-S =     0.003645 mb/sr,
    31.50 deg.: X-S =     0.003361 mb/sr,
    31.60 deg.: X-S =     0.003104 mb/sr,
    31.70 deg.: X-S =     0.002875 mb/sr,
    31.80 deg.: X-S =     0.002676 mb/sr,
    31.90 deg.: X-S =     0.002507 mb/sr,
    32.00 deg.: X-S =     0.002368 mb/sr,
    32.10 deg.: X-S =     0.002257 mb/sr,
    32.20 deg.: X-S =     0.002176 mb/sr,
    32.30 deg.: X-S =     0.002121 mb/sr,
    32.40 deg.: X-S =     0.002092 mb/sr,
    32.50 deg.: X-S =     0.002088 mb/sr,
    32.60 deg.: X-S =     0.002105 mb/sr,
    32.70 deg.: X-S =     0.002142 mb/sr,
    32.80 deg.: X-S =     0.002197 mb/sr,
    32.90 deg.: X-S =     0.002266 mb/sr,
    33.00 deg.: X-S =     0.002349 mb/sr,
    33.10 deg.: X-S =     0.002441 mb/sr,
    33.20 deg.: X-S =     0.002541 mb/sr,
    33.30 deg.: X-S =     0.002646 mb/sr,
    33.40 deg.: X-S =     0.002753 mb/sr,
    33.50 deg.: X-S =     0.002860 mb/sr,
    33.60 deg.: X-S =     0.002966 mb/sr,
    33.70 deg.: X-S =     0.003067 mb/sr,
    33.80 deg.: X-S =     0.003162 mb/sr,
    33.90 deg.: X-S =     0.003250 mb/sr,
    34.00 deg.: X-S =     0.003328 mb/sr,
    34.10 deg.: X-S =     0.003396 mb/sr,
    34.20 deg.: X-S =     0.003452 mb/sr,
    34.30 deg.: X-S =     0.003496 mb/sr,
    34.40 deg.: X-S =     0.003527 mb/sr,
    34.50 deg.: X-S =     0.003543 mb/sr,
    34.60 deg.: X-S =     0.003546 mb/sr,
    34.70 deg.: X-S =     0.003535 mb/sr,
    34.80 deg.: X-S =     0.003511 mb/sr,
    34.90 deg.: X-S =     0.003473 mb/sr,
    35.00 deg.: X-S =     0.003422 mb/sr,
    35.10 deg.: X-S =     0.003359 mb/sr,
    35.20 deg.: X-S =     0.003286 mb/sr,
    35.30 deg.: X-S =     0.003201 mb/sr,
    35.40 deg.: X-S =     0.003108 mb/sr,
    35.50 deg.: X-S =     0.003006 mb/sr,
    35.60 deg.: X-S =     0.002898 mb/sr,
    35.70 deg.: X-S =     0.002784 mb/sr,
    35.80 deg.: X-S =     0.002667 mb/sr,
    35.90 deg.: X-S =     0.002546 mb/sr,
    36.00 deg.: X-S =     0.002423 mb/sr,
    36.10 deg.: X-S =     0.002301 mb/sr,
    36.20 deg.: X-S =     0.002179 mb/sr,
    36.30 deg.: X-S =     0.002059 mb/sr,
    36.40 deg.: X-S =     0.001943 mb/sr,
    36.50 deg.: X-S =     0.001830 mb/sr,
    36.60 deg.: X-S =     0.001723 mb/sr,
    36.70 deg.: X-S =     0.001621 mb/sr,
    36.80 deg.: X-S =     0.001526 mb/sr,
    36.90 deg.: X-S =     0.001438 mb/sr,
    37.00 deg.: X-S =     0.001357 mb/sr,
    37.10 deg.: X-S =     0.001284 mb/sr,
    37.20 deg.: X-S =     0.001219 mb/sr,
    37.30 deg.: X-S =     0.001162 mb/sr,
    37.40 deg.: X-S =     0.001113 mb/sr,
    37.50 deg.: X-S =     0.001072 mb/sr,
    37.60 deg.: X-S =     0.001039 mb/sr,
    37.70 deg.: X-S =     0.001013 mb/sr,
    37.80 deg.: X-S =     0.000995 mb/sr,
    37.90 deg.: X-S =     0.000983 mb/sr,
    38.00 deg.: X-S =     0.000977 mb/sr,
    38.10 deg.: X-S =     0.000978 mb/sr,
    38.20 deg.: X-S =     0.000983 mb/sr,
    38.30 deg.: X-S =     0.000992 mb/sr,
    38.40 deg.: X-S =     0.001006 mb/sr,
    38.50 deg.: X-S =     0.001022 mb/sr,
    38.60 deg.: X-S =     0.001042 mb/sr,
    38.70 deg.: X-S =     0.001063 mb/sr,
    38.80 deg.: X-S =     0.001085 mb/sr,
    38.90 deg.: X-S =     0.001108 mb/sr,
    39.00 deg.: X-S =     0.001130 mb/sr,
    39.10 deg.: X-S =     0.001152 mb/sr,
    39.20 deg.: X-S =     0.001173 mb/sr,
    39.30 deg.: X-S =     0.001193 mb/sr,
    39.40 deg.: X-S =     0.001210 mb/sr,
    39.50 deg.: X-S =     0.001225 mb/sr,
    39.60 deg.: X-S =     0.001237 mb/sr,
    39.70 deg.: X-S =     0.001245 mb/sr,
    39.80 deg.: X-S =     0.001251 mb/sr,
    39.90 deg.: X-S =     0.001253 mb/sr,
    40.00 deg.: X-S =     0.001252 mb/sr,
 Finished all xsecs @  10.686069

  The following files have been created:
   3:local copy of User input.            6:standard output.                   
  12:transfer kernels.                   13:total cross sections/state.        
  16:tables of cross sections.           35:Astrophysics S-factors  / Ecm.     
  39:cross sections for each Ecm.        40:all cross sectns. for each Elab.   
  46:bs wave functions & ANC ratios.     56:Fusion for each Jtotal.            
  75:S-factors for lab energies.        201:Separate cross sections.           
 202:Separate cross sections.           

 PARAMETERS : MAXQRN   MFNL   MLOC  LMAX1 MCLIST
    ALLOWED :      4    100     12    140      5
    REQUIRED:      1      6     12    125      2


 ACCURACY ANALYSIS at   170.000 MeV :

  Elastic h*k = 0.159 so OK       compared with 0.200

   Real(S-el) > 0.01 first at J =      29.5
   Real(S-el) > 0.10 first at J =      30.5
   Real(S-el) > 0.50 first at J =      33.5
   Real(S-el) > 0.90 first at J =      39.5
   Real(S-el) > 0.99 first at J =      48.5
   R-turn =    23.29 fm    at J =     120.5

 Forward-angle excitation cut off below   2.971 deg by max JT =     120.5
                              and below   1.694 deg by max R.


 1: Recommended RNL: non-local width >   0.99 cf:   5.04 fm: OK      
    Recommended CENTRE: centration   ~   0.04 cf:   0.00 fm

 Total CPU  0 time =      10.69 seconds
