\BOOKMARK [0][-]{section*.1}{\376\377\000D\000e\000c\000l\000a\000r\000a\000t\000i\000o\000n\000\040\000o\000f\000\040\000A\000u\000t\000h\000o\000r\000s\000h\000i\000p}{}% 1
\BOOKMARK [0][-]{section*.2}{\376\377\000A\000b\000s\000t\000r\000a\000c\000t}{}% 2
\BOOKMARK [0][-]{section*.3}{\376\377\000A\000c\000k\000n\000o\000w\000l\000e\000d\000g\000e\000m\000e\000n\000t\000s}{}% 3
\BOOKMARK [0][-]{chapter*.14}{\376\377\000I\000n\000t\000r\000o\000d\000u\000c\000t\000i\000o\000n}{}% 4
\BOOKMARK [0][-]{chapter.16}{\376\377\000T\000h\000e\000\040\000t\000h\000r\000e\000e\000\040\000b\000o\000d\000y\000\040\000m\000o\000d\000e\000l}{}% 5
\BOOKMARK [1][-]{section.17}{\376\377\000T\000h\000e\000\040\000b\000a\000s\000i\000s\000\040\000f\000u\000n\000c\000t\000i\000o\000n}{chapter.16}% 6
\BOOKMARK [1][-]{section.32}{\376\377\000T\000r\000a\000n\000s\000f\000o\000r\000m\000a\000t\000i\000o\000n\000\040\000o\000f\000\040\000t\000h\000e\000\040\000b\000a\000s\000i\000s\000\040\000f\000u\000n\000c\000t\000i\000o\000n\000\040}{chapter.16}% 7
\BOOKMARK [1][-]{section.42}{\376\377\000O\000v\000e\000r\000l\000a\000p\000\040\000m\000a\000t\000r\000i\000x\000\040\000e\000l\000e\000m\000e\000n\000t\000s}{chapter.16}% 8
\BOOKMARK [1][-]{section.52}{\376\377\000N\000o\000r\000m\000a\000l\000i\000z\000a\000t\000i\000o\000n\000\040\000a\000n\000d\000\040\000c\000o\000r\000r\000e\000l\000a\000t\000i\000o\000n\000\040\000d\000e\000n\000s\000i\000t\000y\000\040\000o\000f\000\040\000t\000h\000e\000\040\000t\000h\000r\000e\000e\000-\000b\000o\000d\000y\000\040\000w\000a\000v\000e\000\040\000f\000u\000n\000c\000t\000i\000o\000n}{chapter.16}% 9
\BOOKMARK [1][-]{section.57}{\376\377\000T\000h\000e\000\040\000d\000e\000n\000s\000i\000t\000y\000\040\000d\000i\000s\000t\000r\000i\000b\000u\000t\000i\000o\000n\000\040\000f\000u\000n\000c\000t\000i\000o\000n\000\040\000o\000f\000\040\000n\000u\000c\000l\000e\000a\000r\000\040\000m\000a\000t\000t\000e\000r}{chapter.16}% 10
\BOOKMARK [0][-]{chapter.74}{\376\377\000T\000h\000e\000o\000r\000e\000t\000i\000c\000a\000l\000\040\000m\000o\000d\000e\000l\000s\000\040\000d\000e\000s\000c\000r\000i\000b\000i\000n\000g\000\040\000n\000u\000c\000l\000e\000a\000r\000\040\000r\000e\000a\000c\000t\000i\000o\000n\000s}{}% 11
\BOOKMARK [1][-]{section.75}{\376\377\000D\000e\000s\000c\000r\000i\000p\000t\000i\000o\000n\000\040\000o\000f\000\040\000e\000l\000a\000s\000t\000i\000c\000\040\000s\000c\000a\000t\000t\000e\000r\000i\000n\000g}{chapter.74}% 12
\BOOKMARK [1][-]{section.89}{\376\377\000T\000h\000e\000\040\000c\000o\000u\000p\000l\000e\000d\000\040\000c\000h\000a\000n\000n\000e\000l\000s\000\040\000m\000e\000t\000h\000o\000d\000\040\000f\000o\000r\000\040\000i\000n\000e\000l\000a\000s\000t\000i\000c\000\040\000s\000c\000a\000t\000t\000e\000r\000i\000n\000g}{chapter.74}% 13
\BOOKMARK [1][-]{section.107}{\376\377\000T\000h\000e\000\040\000c\000o\000u\000p\000l\000e\000d\000-\000r\000e\000a\000c\000t\000i\000o\000n\000-\000c\000h\000a\000n\000n\000e\000l\000s\000\040\000m\000e\000t\000h\000o\000d\000\040\000f\000o\000r\000\040\000t\000h\000e\000\040\000t\000r\000a\000n\000s\000f\000e\000r\000\040\000r\000e\000a\000c\000t\000i\000o\000n\000s}{chapter.74}% 14
\BOOKMARK [1][-]{section.115}{\376\377\000D\000i\000s\000t\000o\000r\000t\000e\000d\000\040\000W\000a\000v\000e\000\040\000B\000o\000r\000n\000\040\000A\000p\000p\000r\000o\000x\000i\000m\000a\000t\000i\000o\000n}{chapter.74}% 15
\BOOKMARK [1][-]{section.128}{\376\377\000S\000p\000e\000c\000t\000r\000o\000s\000c\000o\000p\000i\000c\000\040\000A\000m\000p\000l\000i\000t\000u\000d\000e\000s\000\040\000w\000i\000t\000h\000i\000n\000\040\000t\000h\000e\000\040\000S\000h\000e\000l\000l\000\040\000M\000o\000d\000e\000l}{chapter.74}% 16
\BOOKMARK [1][-]{section.141}{\376\377\000I\000n\000t\000e\000r\000a\000c\000t\000i\000o\000n\000\040\000p\000o\000t\000e\000n\000t\000i\000a\000l\000s\000.\000\040\000T\000h\000e\000\040\000d\000o\000u\000b\000l\000e\000\040\000f\000o\000l\000d\000i\000n\000g\000\040\000m\000o\000d\000e\000l}{chapter.74}% 17
\BOOKMARK [0][-]{chapter.155}{\376\377\000T\000h\000e\000\040\000t\000h\000r\000e\000e\000-\000b\000o\000d\000y\000\040\000w\000a\000v\000e\000\040\000f\000u\000n\000c\000t\000i\000o\000n\000s\000\040\000a\000n\000d\000\040\000t\000h\000e\000i\000r\000\040\000p\000r\000o\000p\000e\000r\000t\000i\000e\000s}{}% 18
\BOOKMARK [1][-]{section.156}{\376\377\000T\000h\000e\000\040\000t\000h\000r\000e\000e\000-\000b\000o\000d\000y\000\040\000w\000a\000v\000e\000\040\000f\000u\000n\000c\000t\000i\000o\000n\000s}{chapter.155}% 19
\BOOKMARK [1][-]{section.162}{\376\377\000T\000h\000e\000\040\000d\000e\000n\000s\000i\000t\000y\000\040\000d\000i\000s\000t\000r\000i\000b\000u\000t\000i\000o\000n\000\040\000f\000u\000n\000c\000t\000i\000o\000n\000\040\000o\000f\000\040\000n\000u\000c\000l\000e\000a\000r\000\040\000m\000a\000t\000t\000e\000r}{chapter.155}% 20
\BOOKMARK [0][-]{chapter.168}{\376\377\000H\000e\000l\000i\000u\000m\000-\0006}{}% 21
\BOOKMARK [1][-]{section.169}{\376\377\000T\000h\000e\000\040\000\040\000+\000\040\0006\000H\000e\000\040\000n\000u\000c\000l\000e\000a\000r\000\040\000r\000e\000a\000c\000t\000i\000o\000n\000s\000\040}{chapter.168}% 22
\BOOKMARK [2][-]{subsection.170}{\376\377\000E\000l\000a\000s\000t\000i\000c\000\040\000s\000c\000a\000t\000t\000e\000r\000i\000n\000g}{section.169}% 23
\BOOKMARK [2][-]{subsection.173}{\376\377\000E\000l\000a\000s\000t\000i\000c\000\040\000t\000r\000a\000n\000s\000f\000e\000r}{section.169}% 24
\BOOKMARK [0][-]{chapter.178}{\376\377\000L\000i\000t\000h\000i\000u\000m\000-\0006}{}% 25
\BOOKMARK [1][-]{section.179}{\376\377\000T\000h\000e\000\040\000\040\000+\000\040\0006\000L\000i\000\040\000n\000u\000c\000l\000e\000a\000r\000\040\000r\000e\000a\000c\000t\000i\000o\000n\000s\000\040}{chapter.178}% 26
\BOOKMARK [2][-]{subsection.180}{\376\377\000E\000l\000a\000s\000t\000i\000c\000\040\000s\000c\000a\000t\000t\000e\000r\000i\000n\000g}{section.179}% 27
\BOOKMARK [2][-]{subsection.183}{\376\377\000E\000l\000a\000s\000t\000i\000c\000\040\000t\000r\000a\000n\000s\000f\000e\000r}{section.179}% 28
\BOOKMARK [0][-]{chapter.185}{\376\377\000B\000e\000r\000y\000l\000l\000i\000u\000m\000-\0009}{}% 29
\BOOKMARK [1][-]{section.186}{\376\377\000T\000h\000e\000\040\000d\000\040\000+\000\040\0009\000B\000e\000\040\000n\000u\000c\000l\000e\000a\000r\000\040\000r\000e\000a\000c\000t\000i\000o\000n\000s}{chapter.185}% 30
\BOOKMARK [2][-]{subsection.187}{\376\377\000T\000h\000e\000\040\000e\000l\000a\000s\000t\000i\000c\000\040\000c\000h\000a\000n\000n\000e\000l}{section.186}% 31
\BOOKMARK [2][-]{subsection.192}{\376\377\000I\000n\000e\000l\000a\000s\000t\000i\000c\000\040\000s\000c\000a\000t\000t\000e\000r\000i\000n\000g}{section.186}% 32
\BOOKMARK [2][-]{subsection.196}{\376\377\000O\000n\000e\000-\000n\000u\000c\000l\000e\000o\000n\000\040\000t\000r\000a\000n\000s\000f\000e\000r\000\040\000r\000e\000a\000c\000t\000i\000o\000n\000s\000\040}{section.186}% 33
\BOOKMARK [2][-]{subsection.202}{\376\377\000C\000l\000u\000s\000t\000e\000r\000-\000t\000r\000a\000n\000s\000f\000e\000r\000\040\000r\000e\000a\000c\000t\000i\000o\000n}{section.186}% 34
\BOOKMARK [0][-]{chapter*.210}{\376\377\000C\000o\000n\000c\000l\000u\000s\000i\000o\000n}{}% 35
\BOOKMARK [0][-]{appendix.211}{\376\377\000S\000o\000m\000e\000\040\000a\000s\000p\000e\000c\000t\000s\000\040\000f\000r\000o\000m\000\040\000t\000h\000e\000\040\000q\000u\000a\000n\000t\000u\000m\000\040\000t\000h\000e\000o\000r\000y\000\040\000o\000f\000\040\000a\000n\000g\000u\000l\000a\000r\000\040\000m\000o\000m\000e\000n\000t\000a}{}% 36
\BOOKMARK [0][-]{appendix.226}{\376\377\000P\000a\000r\000a\000m\000e\000t\000e\000r\000s\000\040\000o\000f\000\040\000t\000h\000e\000\040\000t\000h\000r\000e\000e\000\040\000b\000o\000d\000y\000\040\000w\000a\000v\000e\000\040\000f\000u\000n\000c\000t\000i\000o\000n}{}% 37
\BOOKMARK [1][-]{section.227}{\376\377\000H\000e\000l\000i\000u\000m\000-\0006}{appendix.226}% 38
\BOOKMARK [1][-]{section.229}{\376\377\000L\000i\000t\000h\000i\000u\000m\000-\0006}{appendix.226}% 39
\BOOKMARK [1][-]{section.231}{\376\377\000B\000e\000r\000y\000l\000l\000i\000u\000m\000-\0009}{appendix.226}% 40
\BOOKMARK [0][-]{appendix*.233}{\376\377\000B\000i\000b\000l\000i\000o\000g\000r\000a\000p\000h\000y}{}% 41
