\BOOKMARK [0][-]{section*.1}{\376\377\000D\000e\000c\000l\000a\000r\000a\000t\000i\000o\000n\000\040\000o\000f\000\040\000A\000u\000t\000h\000o\000r\000s\000h\000i\000p}{}% 1
\BOOKMARK [0][-]{section*.2}{\376\377\000A\000b\000s\000t\000r\000a\000c\000t}{}% 2
\BOOKMARK [0][-]{section*.3}{\376\377\000A\000c\000k\000n\000o\000w\000l\000e\000d\000g\000e\000m\000e\000n\000t\000s}{}% 3
\BOOKMARK [0][-]{chapter.14}{\376\377\000I\000n\000t\000r\000o\000d\000u\000c\000t\000i\000o\000n\000\040\000t\000o\000\040\000t\000h\000e\000\040\000n\000u\000c\000l\000e\000a\000r\000\040\000r\000e\000a\000c\000t\000i\000o\000n\000s\000\040\000a\000n\000d\000\040\000c\000l\000u\000s\000t\000e\000r\000\040\000p\000h\000e\000n\000o\000m\000e\000n\000o\000n}{}% 4
\BOOKMARK [0][-]{chapter.15}{\376\377\000T\000h\000e\000o\000r\000e\000t\000i\000c\000a\000l\000\040\000m\000o\000d\000e\000l\000s\000\040\000d\000e\000s\000c\000r\000i\000b\000i\000n\000g\000\040\000t\000h\000e\000\040\000n\000u\000c\000l\000e\000a\000r\000\040\000r\000e\000a\000c\000t\000i\000o\000n\000s}{}% 5
\BOOKMARK [1][-]{section.16}{\376\377\000S\000o\000m\000e\000\040\000a\000s\000p\000e\000c\000t\000s\000\040\000f\000r\000o\000m\000\040\000t\000h\000e\000\040\000q\000u\000a\000n\000t\000u\000m\000\040\000t\000h\000e\000o\000r\000y\000\040\000o\000f\000\040\000a\000n\000g\000u\000l\000a\000r\000\040\000m\000o\000m\000e\000n\000t\000a}{chapter.15}% 6
\BOOKMARK [1][-]{section.31}{\376\377\000T\000h\000e\000\040\000d\000e\000s\000c\000r\000i\000p\000t\000i\000o\000n\000\040\000o\000f\000\040\000e\000l\000a\000s\000t\000i\000c\000\040\000s\000c\000a\000t\000t\000e\000r\000i\000n\000g}{chapter.15}% 7
\BOOKMARK [1][-]{section.44}{\376\377\000T\000h\000e\000\040\000c\000o\000u\000p\000l\000e\000d\000\040\000c\000h\000a\000n\000n\000e\000l\000s\000\040\000m\000e\000t\000h\000o\000d\000\040\000f\000o\000r\000\040\000i\000n\000e\000l\000a\000s\000t\000i\000c\000\040\000s\000c\000a\000t\000t\000e\000r\000i\000n\000g}{chapter.15}% 8
\BOOKMARK [1][-]{section.62}{\376\377\000T\000h\000e\000\040\000c\000o\000u\000p\000l\000e\000d\000-\000r\000e\000a\000c\000t\000i\000o\000n\000-\000c\000h\000a\000n\000n\000e\000l\000s\000\040\000m\000e\000t\000h\000o\000d\000\040\000f\000o\000r\000\040\000t\000h\000e\000\040\000t\000r\000a\000n\000s\000f\000e\000r\000\040\000r\000e\000a\000c\000t\000i\000o\000n\000s}{chapter.15}% 9
\BOOKMARK [1][-]{section.71}{\376\377\000I\000n\000t\000e\000r\000a\000c\000t\000i\000o\000n\000\040\000p\000o\000t\000e\000n\000t\000i\000a\000l\000s\000.\000\040\000T\000h\000e\000\040\000d\000o\000u\000b\000l\000e\000\040\000f\000o\000l\000d\000i\000n\000g\000\040\000m\000o\000d\000e\000l}{chapter.15}% 10
\BOOKMARK [0][-]{chapter.79}{\376\377\000T\000h\000e\000\040\000t\000h\000r\000e\000e\000\040\000b\000o\000d\000y\000\040\000m\000o\000d\000e\000l}{}% 11
\BOOKMARK [1][-]{section.80}{\376\377\000T\000h\000e\000\040\000b\000a\000s\000i\000s\000\040\000f\000u\000n\000c\000t\000i\000o\000n}{chapter.79}% 12
\BOOKMARK [1][-]{section.88}{\376\377\000T\000r\000a\000n\000s\000f\000o\000r\000m\000a\000t\000i\000o\000n\000\040\000o\000f\000\040\000t\000h\000e\000\040\000b\000a\000s\000i\000s\000\040\000f\000u\000n\000c\000t\000i\000o\000n\000\040}{chapter.79}% 13
\BOOKMARK [1][-]{section.95}{\376\377\000O\000v\000e\000r\000l\000a\000p\000\040\000m\000a\000t\000r\000i\000x\000\040\000e\000l\000e\000m\000e\000n\000t\000s}{chapter.79}% 14
\BOOKMARK [2][-]{subsection.100}{\376\377\000B\000y\000\040\000m\000e\000a\000n\000s\000\040\000o\000f\000\040\000t\000h\000e\000\040\000e\000x\000p\000o\000n\000e\000n\000t\000i\000a\000l\000\040\000f\000u\000n\000c\000t\000i\000o\000n\000\040\000e\000x\000p\000a\000n\000s\000i\000o\000n}{section.95}% 15
\BOOKMARK [2][-]{subsection.109}{\376\377\000B\000y\000\040\000m\000e\000a\000n\000s\000\040\000o\000f\000\040\000t\000h\000e\000\040\000p\000r\000o\000j\000e\000c\000t\000i\000o\000n\000\040\000i\000n\000t\000o\000\040\000t\000h\000e\000\040\000T\000\040\000m\000a\000t\000r\000i\000x}{section.95}% 16
\BOOKMARK [1][-]{section.113}{\376\377\000N\000o\000r\000m\000a\000l\000i\000z\000a\000t\000i\000o\000n\000\040\000a\000n\000d\000\040\000c\000o\000r\000r\000e\000l\000a\000t\000i\000o\000n\000\040\000d\000e\000n\000s\000i\000t\000y\000\040\000o\000f\000\040\000t\000h\000e\000\040\000t\000h\000r\000e\000e\000-\000b\000o\000d\000y\000\040\000w\000a\000v\000e\000\040\000f\000u\000n\000c\000t\000i\000o\000n}{chapter.79}% 17
\BOOKMARK [1][-]{section.120}{\376\377\000T\000h\000e\000\040\000d\000e\000n\000s\000i\000t\000y\000\040\000d\000i\000s\000t\000r\000i\000b\000u\000t\000i\000o\000n\000\040\000f\000u\000n\000c\000t\000i\000o\000n\000\040\000o\000f\000\040\000n\000u\000c\000l\000e\000a\000r\000\040\000m\000a\000t\000t\000e\000r}{chapter.79}% 18
\BOOKMARK [0][-]{chapter.124}{\376\377\000R\000e\000s\000u\000l\000t\000s\000\040\000a\000n\000d\000\040\000d\000i\000s\000c\000u\000s\000s\000i\000o\000n\000s}{}% 19
\BOOKMARK [1][-]{section.125}{\376\377\000T\000h\000e\000\040\000d\000i\000s\000t\000r\000i\000b\000u\000t\000i\000o\000n\000\040\000f\000u\000n\000c\000t\000i\000o\000n\000\040\000o\000f\000\040\000n\000u\000c\000l\000e\000a\000r\000\040\000m\000a\000t\000t\000e\000r}{chapter.124}% 20
\BOOKMARK [1][-]{section.127}{\376\377\000T\000h\000e\000\040\000\040\000+\000\040\0009\000B\000e\000\040\000n\000u\000c\000l\000e\000a\000r\000\040\000r\000e\000a\000c\000t\000i\000o\000n\000s}{chapter.124}% 21
\BOOKMARK [2][-]{subsection.128}{\376\377\000E\000l\000a\000s\000t\000i\000c\000\040\000s\000c\000a\000t\000t\000e\000r\000i\000n\000g}{section.127}% 22
\BOOKMARK [2][-]{subsection.133}{\376\377\000I\000n\000e\000l\000a\000s\000t\000i\000c\000\040\000s\000c\000a\000t\000t\000e\000r\000i\000n\000g}{section.127}% 23
\BOOKMARK [2][-]{subsection.135}{\376\377\000O\000n\000e\000\040\000n\000u\000c\000l\000e\000o\000n\000\040\000t\000r\000a\000n\000s\000f\000e\000r\000\040\000r\000e\000a\000c\000t\000i\000o\000n\000s}{section.127}% 24
\BOOKMARK [1][-]{section.137}{\376\377\000T\000h\000e\000\040\000d\000+\0009\000B\000e\000\040\000n\000u\000c\000l\000e\000a\000r\000\040\000r\000e\000a\000c\000t\000i\000o\000n\000s}{chapter.124}% 25
\BOOKMARK [2][-]{subsection.138}{\376\377\000T\000h\000e\000\040\000e\000l\000a\000s\000t\000i\000c\000\040\000c\000h\000a\000n\000n\000e\000l}{section.137}% 26
\BOOKMARK [2][-]{subsection.143}{\376\377\000I\000n\000e\000l\000a\000s\000t\000i\000c\000\040\000s\000c\000a\000t\000t\000e\000r\000i\000n\000g}{section.137}% 27
\BOOKMARK [2][-]{subsection.147}{\376\377\000O\000n\000e\000-\000n\000u\000c\000l\000e\000o\000n\000\040\000t\000r\000a\000n\000s\000f\000e\000r\000\040\000r\000e\000a\000c\000t\000i\000o\000n\000s\000\040}{section.137}% 28
\BOOKMARK [2][-]{subsection.153}{\376\377\000C\000l\000u\000s\000t\000e\000r\000-\000t\000r\000a\000n\000s\000f\000e\000r\000\040\000r\000e\000a\000c\000t\000i\000o\000n}{section.137}% 29
\BOOKMARK [0][-]{chapter.161}{\376\377\000C\000o\000n\000c\000l\000u\000s\000i\000o\000n}{}% 30
\BOOKMARK [0][-]{appendix.162}{\376\377\000P\000a\000r\000a\000m\000e\000t\000e\000r\000s\000\040\000o\000f\000\040\000t\000h\000e\000\040\000t\000h\000r\000e\000e\000\040\000b\000o\000d\000y\000\040\000w\000a\000v\000e\000\040\000f\000u\000n\000c\000t\000i\000o\000n}{}% 31
\BOOKMARK [1][-]{section.163}{\376\377\000H\000e\000l\000l\000i\000u\000m\000-\0006}{appendix.162}% 32
\BOOKMARK [1][-]{section.164}{\376\377\000L\000i\000t\000h\000i\000u\000m\000-\0006}{appendix.162}% 33
\BOOKMARK [1][-]{section.165}{\376\377\000B\000e\000r\000i\000l\000l\000i\000u\000m\000-\0009}{appendix.162}% 34
\BOOKMARK [0][-]{appendix*.166}{\376\377\000B\000i\000b\000l\000i\000o\000g\000r\000a\000p\000h\000y}{}% 35
